\BOOKMARK [0][]{chapter.1}{Introduction}{}% 1
\BOOKMARK [1][]{section.1.1}{Motivation}{chapter.1}% 2
\BOOKMARK [1][]{section.1.2}{Problem Statement}{chapter.1}% 3
\BOOKMARK [1][]{section.1.3}{Thesis Statement}{chapter.1}% 4
\BOOKMARK [1][]{section.1.4}{Thesis Contributions}{chapter.1}% 5
\BOOKMARK [1][]{section.1.5}{Thesis Structure}{chapter.1}% 6
\BOOKMARK [0][]{chapter.2}{Related Work}{}% 7
\BOOKMARK [1][]{section.2.1}{Planning Approaches}{chapter.2}% 8
\BOOKMARK [2][]{subsection.2.1.1}{Random Sampling Approaches}{section.2.1}% 9
\BOOKMARK [2][]{subsection.2.1.2}{Lattice Planners}{section.2.1}% 10
\BOOKMARK [2][]{subsection.2.1.3}{Local Search}{section.2.1}% 11
\BOOKMARK [1][]{section.2.2}{Trajectory Representation}{chapter.2}% 12
\BOOKMARK [1][]{section.2.3}{Trajectory Evaluation}{chapter.2}% 13
\BOOKMARK [0][]{chapter.3}{Target Platform}{}% 14
\BOOKMARK [1][]{section.3.1}{Hardware Components}{chapter.3}% 15
\BOOKMARK [1][]{section.3.2}{Software Components}{chapter.3}% 16
\BOOKMARK [0][]{chapter.4}{Planning Algorithm}{}% 17
\BOOKMARK [1][]{section.4.1}{Introduction}{chapter.4}% 18
\BOOKMARK [1][]{section.4.2}{Localization}{chapter.4}% 19
\BOOKMARK [1][]{section.4.3}{Prediction}{chapter.4}% 20
\BOOKMARK [1][]{section.4.4}{Route Planner}{chapter.4}% 21
\BOOKMARK [2][]{subsection.4.4.1}{RNDF}{section.4.4}% 22
\BOOKMARK [2][]{subsection.4.4.2}{Path Representation and calculation}{section.4.4}% 23
\BOOKMARK [2][]{subsection.4.4.3}{Behavioral Layer}{section.4.4}% 24
\BOOKMARK [1][]{section.4.5}{Motion Planner}{chapter.4}% 25
\BOOKMARK [2][]{subsection.4.5.1}{Temporal Horizon}{section.4.5}% 26
\BOOKMARK [2][]{subsection.4.5.2}{Path Modelling}{section.4.5}% 27
\BOOKMARK [2][]{subsection.4.5.3}{ Trajectory Creation}{section.4.5}% 28
\BOOKMARK [2][]{subsection.4.5.4}{Checking for Static Obstacles}{section.4.5}% 29
\BOOKMARK [2][]{subsection.4.5.5}{Checking for Dynamic Obstacles}{section.4.5}% 30
\BOOKMARK [2][]{subsection.4.5.6}{Cost Functions and Trajectory Selection}{section.4.5}% 31
\BOOKMARK [2][]{subsection.4.5.7}{Velocity Planning}{section.4.5}% 32
\BOOKMARK [1][]{section.4.6}{Trajectory Follower}{chapter.4}% 33
\BOOKMARK [0][]{chapter.5}{Implementation}{}% 34
\BOOKMARK [1][]{section.5.1}{Route Planner}{chapter.5}% 35
\BOOKMARK [1][]{section.5.2}{Motion Planner}{chapter.5}% 36
\BOOKMARK [0][]{chapter.6}{Evaluation}{}% 37
\BOOKMARK [1][]{section.6.1}{Experiments}{chapter.6}% 38
\BOOKMARK [2][]{subsection.6.1.1}{Lane blocked}{section.6.1}% 39
\BOOKMARK [2][]{subsection.6.1.2}{Slow Moving Traffic}{section.6.1}% 40
\BOOKMARK [2][]{subsection.6.1.3}{Merging into traffic}{section.6.1}% 41
\BOOKMARK [2][]{subsection.6.1.4}{Merging into next lane with opposite traffic}{section.6.1}% 42
\BOOKMARK [2][]{subsection.6.1.5}{Road Blocked or Pedestrian Ahead}{section.6.1}% 43
\BOOKMARK [2][]{subsection.6.1.6}{Dynamic Obstacles - other vehicles}{section.6.1}% 44
\BOOKMARK [1][]{section.6.2}{Criteria Based Evaluation}{chapter.6}% 45
\BOOKMARK [2][]{subsection.6.2.1}{Optimality}{section.6.2}% 46
\BOOKMARK [2][]{subsection.6.2.2}{Feasibility}{section.6.2}% 47
\BOOKMARK [2][]{subsection.6.2.3}{Completeness}{section.6.2}% 48
\BOOKMARK [2][]{subsection.6.2.4}{Runtime}{section.6.2}% 49
\BOOKMARK [2][]{subsection.6.2.5}{Deliberative Approach}{section.6.2}% 50
\BOOKMARK [0][]{chapter.7}{Conclusion and Future Work}{}% 51
\BOOKMARK [1][]{section.7.1}{Conclusion}{chapter.7}% 52
\BOOKMARK [1][]{section.7.2}{Future Work}{chapter.7}% 53
\BOOKMARK [0][]{chapter*.68}{Bibliography}{}% 54
\BOOKMARK [0][]{appendix.A}{Appendix}{}% 55
