This is pdfTeX, Version 3.14159265-2.6-1.40.16 (TeX Live 2015/Debian) (preloaded format=pdflatex 2017.8.29)  14 MAR 2018 01:10
entering extended mode
 restricted \write18 enabled.
 %&-line parsing enabled.
**Thesis.tex
(./Thesis.tex
LaTeX2e <2016/02/01>
Babel <3.9q> and hyphenation patterns for 5 language(s) loaded.
(./ThesisStyle.cls
Document Class: ThesisStyle 2004/02/16 v1.4f Standard LaTeX document class
(/usr/share/texlive/texmf-dist/tex/latex/base/bk12.clo
File: bk12.clo 2014/09/29 v1.4h Standard LaTeX file (size option)
)
\c@part=\count79
\c@chapter=\count80
\c@section=\count81
\c@subsection=\count82
\c@subsubsection=\count83
\c@paragraph=\count84
\c@subparagraph=\count85
\c@figure=\count86
\c@table=\count87
\abovecaptionskip=\skip41
\belowcaptionskip=\skip42
\bibindent=\dimen102
)
\@input{formatAndDefs.aux}
\openout2 = `formatAndDefs.aux'.

(./formatAndDefs.tex
(/usr/share/texlive/texmf-dist/tex/latex/amsmath/amsmath.sty
Package: amsmath 2016/03/03 v2.15a AMS math features
\@mathmargin=\skip43

For additional information on amsmath, use the `?' option.
(/usr/share/texlive/texmf-dist/tex/latex/amsmath/amstext.sty
Package: amstext 2000/06/29 v2.01 AMS text

(/usr/share/texlive/texmf-dist/tex/latex/amsmath/amsgen.sty
File: amsgen.sty 1999/11/30 v2.0 generic functions
\@emptytoks=\toks14
\ex@=\dimen103
))
(/usr/share/texlive/texmf-dist/tex/latex/amsmath/amsbsy.sty
Package: amsbsy 1999/11/29 v1.2d Bold Symbols
\pmbraise@=\dimen104
)
(/usr/share/texlive/texmf-dist/tex/latex/amsmath/amsopn.sty
Package: amsopn 1999/12/14 v2.01 operator names
)
\inf@bad=\count88
LaTeX Info: Redefining \frac on input line 199.
\uproot@=\count89
\leftroot@=\count90
LaTeX Info: Redefining \overline on input line 297.
\classnum@=\count91
\DOTSCASE@=\count92
LaTeX Info: Redefining \ldots on input line 394.
LaTeX Info: Redefining \dots on input line 397.
LaTeX Info: Redefining \cdots on input line 518.
\Mathstrutbox@=\box26
\strutbox@=\box27
\big@size=\dimen105
LaTeX Font Info:    Redeclaring font encoding OML on input line 630.
LaTeX Font Info:    Redeclaring font encoding OMS on input line 631.
\macc@depth=\count93
\c@MaxMatrixCols=\count94
\dotsspace@=\muskip10
\c@parentequation=\count95
\dspbrk@lvl=\count96
\tag@help=\toks15
\row@=\count97
\column@=\count98
\maxfields@=\count99
\andhelp@=\toks16
\eqnshift@=\dimen106
\alignsep@=\dimen107
\tagshift@=\dimen108
\tagwidth@=\dimen109
\totwidth@=\dimen110
\lineht@=\dimen111
\@envbody=\toks17
\multlinegap=\skip44
\multlinetaggap=\skip45
\mathdisplay@stack=\toks18
LaTeX Info: Redefining \[ on input line 2735.
LaTeX Info: Redefining \] on input line 2736.
)
(/usr/share/texlive/texmf-dist/tex/latex/amsfonts/amssymb.sty
Package: amssymb 2013/01/14 v3.01 AMS font symbols

(/usr/share/texlive/texmf-dist/tex/latex/amsfonts/amsfonts.sty
Package: amsfonts 2013/01/14 v3.01 Basic AMSFonts support
\symAMSa=\mathgroup4
\symAMSb=\mathgroup5
LaTeX Font Info:    Overwriting math alphabet `\mathfrak' in version `bold'
(Font)                  U/euf/m/n --> U/euf/b/n on input line 106.
))
(/usr/share/texlive/texmf-dist/tex/latex/base/inputenc.sty
Package: inputenc 2015/03/17 v1.2c Input encoding file
\inpenc@prehook=\toks19
\inpenc@posthook=\toks20

(/usr/share/texlive/texmf-dist/tex/latex/base/utf8.def
File: utf8.def 2015/12/03 v1.1r UTF-8 support for inputenc
Now handling font encoding OML ...
... no UTF-8 mapping file for font encoding OML
Now handling font encoding T1 ...
... processing UTF-8 mapping file for font encoding T1

(/usr/share/texlive/texmf-dist/tex/latex/base/t1enc.dfu
File: t1enc.dfu 2015/12/03 v1.1r UTF-8 support for inputenc
   defining Unicode char U+00A0 (decimal 160)
   defining Unicode char U+00A1 (decimal 161)
   defining Unicode char U+00A3 (decimal 163)
   defining Unicode char U+00AB (decimal 171)
   defining Unicode char U+00AD (decimal 173)
   defining Unicode char U+00BB (decimal 187)
   defining Unicode char U+00BF (decimal 191)
   defining Unicode char U+00C0 (decimal 192)
   defining Unicode char U+00C1 (decimal 193)
   defining Unicode char U+00C2 (decimal 194)
   defining Unicode char U+00C3 (decimal 195)
   defining Unicode char U+00C4 (decimal 196)
   defining Unicode char U+00C5 (decimal 197)
   defining Unicode char U+00C6 (decimal 198)
   defining Unicode char U+00C7 (decimal 199)
   defining Unicode char U+00C8 (decimal 200)
   defining Unicode char U+00C9 (decimal 201)
   defining Unicode char U+00CA (decimal 202)
   defining Unicode char U+00CB (decimal 203)
   defining Unicode char U+00CC (decimal 204)
   defining Unicode char U+00CD (decimal 205)
   defining Unicode char U+00CE (decimal 206)
   defining Unicode char U+00CF (decimal 207)
   defining Unicode char U+00D0 (decimal 208)
   defining Unicode char U+00D1 (decimal 209)
   defining Unicode char U+00D2 (decimal 210)
   defining Unicode char U+00D3 (decimal 211)
   defining Unicode char U+00D4 (decimal 212)
   defining Unicode char U+00D5 (decimal 213)
   defining Unicode char U+00D6 (decimal 214)
   defining Unicode char U+00D8 (decimal 216)
   defining Unicode char U+00D9 (decimal 217)
   defining Unicode char U+00DA (decimal 218)
   defining Unicode char U+00DB (decimal 219)
   defining Unicode char U+00DC (decimal 220)
   defining Unicode char U+00DD (decimal 221)
   defining Unicode char U+00DE (decimal 222)
   defining Unicode char U+00DF (decimal 223)
   defining Unicode char U+00E0 (decimal 224)
   defining Unicode char U+00E1 (decimal 225)
   defining Unicode char U+00E2 (decimal 226)
   defining Unicode char U+00E3 (decimal 227)
   defining Unicode char U+00E4 (decimal 228)
   defining Unicode char U+00E5 (decimal 229)
   defining Unicode char U+00E6 (decimal 230)
   defining Unicode char U+00E7 (decimal 231)
   defining Unicode char U+00E8 (decimal 232)
   defining Unicode char U+00E9 (decimal 233)
   defining Unicode char U+00EA (decimal 234)
   defining Unicode char U+00EB (decimal 235)
   defining Unicode char U+00EC (decimal 236)
   defining Unicode char U+00ED (decimal 237)
   defining Unicode char U+00EE (decimal 238)
   defining Unicode char U+00EF (decimal 239)
   defining Unicode char U+00F0 (decimal 240)
   defining Unicode char U+00F1 (decimal 241)
   defining Unicode char U+00F2 (decimal 242)
   defining Unicode char U+00F3 (decimal 243)
   defining Unicode char U+00F4 (decimal 244)
   defining Unicode char U+00F5 (decimal 245)
   defining Unicode char U+00F6 (decimal 246)
   defining Unicode char U+00F8 (decimal 248)
   defining Unicode char U+00F9 (decimal 249)
   defining Unicode char U+00FA (decimal 250)
   defining Unicode char U+00FB (decimal 251)
   defining Unicode char U+00FC (decimal 252)
   defining Unicode char U+00FD (decimal 253)
   defining Unicode char U+00FE (decimal 254)
   defining Unicode char U+00FF (decimal 255)
   defining Unicode char U+0100 (decimal 256)
   defining Unicode char U+0101 (decimal 257)
   defining Unicode char U+0102 (decimal 258)
   defining Unicode char U+0103 (decimal 259)
   defining Unicode char U+0104 (decimal 260)
   defining Unicode char U+0105 (decimal 261)
   defining Unicode char U+0106 (decimal 262)
   defining Unicode char U+0107 (decimal 263)
   defining Unicode char U+0108 (decimal 264)
   defining Unicode char U+0109 (decimal 265)
   defining Unicode char U+010A (decimal 266)
   defining Unicode char U+010B (decimal 267)
   defining Unicode char U+010C (decimal 268)
   defining Unicode char U+010D (decimal 269)
   defining Unicode char U+010E (decimal 270)
   defining Unicode char U+010F (decimal 271)
   defining Unicode char U+0110 (decimal 272)
   defining Unicode char U+0111 (decimal 273)
   defining Unicode char U+0112 (decimal 274)
   defining Unicode char U+0113 (decimal 275)
   defining Unicode char U+0114 (decimal 276)
   defining Unicode char U+0115 (decimal 277)
   defining Unicode char U+0116 (decimal 278)
   defining Unicode char U+0117 (decimal 279)
   defining Unicode char U+0118 (decimal 280)
   defining Unicode char U+0119 (decimal 281)
   defining Unicode char U+011A (decimal 282)
   defining Unicode char U+011B (decimal 283)
   defining Unicode char U+011C (decimal 284)
   defining Unicode char U+011D (decimal 285)
   defining Unicode char U+011E (decimal 286)
   defining Unicode char U+011F (decimal 287)
   defining Unicode char U+0120 (decimal 288)
   defining Unicode char U+0121 (decimal 289)
   defining Unicode char U+0122 (decimal 290)
   defining Unicode char U+0123 (decimal 291)
   defining Unicode char U+0124 (decimal 292)
   defining Unicode char U+0125 (decimal 293)
   defining Unicode char U+0128 (decimal 296)
   defining Unicode char U+0129 (decimal 297)
   defining Unicode char U+012A (decimal 298)
   defining Unicode char U+012B (decimal 299)
   defining Unicode char U+012C (decimal 300)
   defining Unicode char U+012D (decimal 301)
   defining Unicode char U+012E (decimal 302)
   defining Unicode char U+012F (decimal 303)
   defining Unicode char U+0130 (decimal 304)
   defining Unicode char U+0131 (decimal 305)
   defining Unicode char U+0132 (decimal 306)
   defining Unicode char U+0133 (decimal 307)
   defining Unicode char U+0134 (decimal 308)
   defining Unicode char U+0135 (decimal 309)
   defining Unicode char U+0136 (decimal 310)
   defining Unicode char U+0137 (decimal 311)
   defining Unicode char U+0139 (decimal 313)
   defining Unicode char U+013A (decimal 314)
   defining Unicode char U+013B (decimal 315)
   defining Unicode char U+013C (decimal 316)
   defining Unicode char U+013D (decimal 317)
   defining Unicode char U+013E (decimal 318)
   defining Unicode char U+0141 (decimal 321)
   defining Unicode char U+0142 (decimal 322)
   defining Unicode char U+0143 (decimal 323)
   defining Unicode char U+0144 (decimal 324)
   defining Unicode char U+0145 (decimal 325)
   defining Unicode char U+0146 (decimal 326)
   defining Unicode char U+0147 (decimal 327)
   defining Unicode char U+0148 (decimal 328)
   defining Unicode char U+014A (decimal 330)
   defining Unicode char U+014B (decimal 331)
   defining Unicode char U+014C (decimal 332)
   defining Unicode char U+014D (decimal 333)
   defining Unicode char U+014E (decimal 334)
   defining Unicode char U+014F (decimal 335)
   defining Unicode char U+0150 (decimal 336)
   defining Unicode char U+0151 (decimal 337)
   defining Unicode char U+0152 (decimal 338)
   defining Unicode char U+0153 (decimal 339)
   defining Unicode char U+0154 (decimal 340)
   defining Unicode char U+0155 (decimal 341)
   defining Unicode char U+0156 (decimal 342)
   defining Unicode char U+0157 (decimal 343)
   defining Unicode char U+0158 (decimal 344)
   defining Unicode char U+0159 (decimal 345)
   defining Unicode char U+015A (decimal 346)
   defining Unicode char U+015B (decimal 347)
   defining Unicode char U+015C (decimal 348)
   defining Unicode char U+015D (decimal 349)
   defining Unicode char U+015E (decimal 350)
   defining Unicode char U+015F (decimal 351)
   defining Unicode char U+0160 (decimal 352)
   defining Unicode char U+0161 (decimal 353)
   defining Unicode char U+0162 (decimal 354)
   defining Unicode char U+0163 (decimal 355)
   defining Unicode char U+0164 (decimal 356)
   defining Unicode char U+0165 (decimal 357)
   defining Unicode char U+0168 (decimal 360)
   defining Unicode char U+0169 (decimal 361)
   defining Unicode char U+016A (decimal 362)
   defining Unicode char U+016B (decimal 363)
   defining Unicode char U+016C (decimal 364)
   defining Unicode char U+016D (decimal 365)
   defining Unicode char U+016E (decimal 366)
   defining Unicode char U+016F (decimal 367)
   defining Unicode char U+0170 (decimal 368)
   defining Unicode char U+0171 (decimal 369)
   defining Unicode char U+0172 (decimal 370)
   defining Unicode char U+0173 (decimal 371)
   defining Unicode char U+0174 (decimal 372)
   defining Unicode char U+0175 (decimal 373)
   defining Unicode char U+0176 (decimal 374)
   defining Unicode char U+0177 (decimal 375)
   defining Unicode char U+0178 (decimal 376)
   defining Unicode char U+0179 (decimal 377)
   defining Unicode char U+017A (decimal 378)
   defining Unicode char U+017B (decimal 379)
   defining Unicode char U+017C (decimal 380)
   defining Unicode char U+017D (decimal 381)
   defining Unicode char U+017E (decimal 382)
   defining Unicode char U+01CD (decimal 461)
   defining Unicode char U+01CE (decimal 462)
   defining Unicode char U+01CF (decimal 463)
   defining Unicode char U+01D0 (decimal 464)
   defining Unicode char U+01D1 (decimal 465)
   defining Unicode char U+01D2 (decimal 466)
   defining Unicode char U+01D3 (decimal 467)
   defining Unicode char U+01D4 (decimal 468)
   defining Unicode char U+01E2 (decimal 482)
   defining Unicode char U+01E3 (decimal 483)
   defining Unicode char U+01E6 (decimal 486)
   defining Unicode char U+01E7 (decimal 487)
   defining Unicode char U+01E8 (decimal 488)
   defining Unicode char U+01E9 (decimal 489)
   defining Unicode char U+01EA (decimal 490)
   defining Unicode char U+01EB (decimal 491)
   defining Unicode char U+01F0 (decimal 496)
   defining Unicode char U+01F4 (decimal 500)
   defining Unicode char U+01F5 (decimal 501)
   defining Unicode char U+0218 (decimal 536)
   defining Unicode char U+0219 (decimal 537)
   defining Unicode char U+021A (decimal 538)
   defining Unicode char U+021B (decimal 539)
   defining Unicode char U+01E02 (decimal 7682)
   defining Unicode char U+01E03 (decimal 7683)
   defining Unicode char U+200C (decimal 8204)
   defining Unicode char U+2013 (decimal 8211)
   defining Unicode char U+2014 (decimal 8212)
   defining Unicode char U+2018 (decimal 8216)
   defining Unicode char U+2019 (decimal 8217)
   defining Unicode char U+201A (decimal 8218)
   defining Unicode char U+201C (decimal 8220)
   defining Unicode char U+201D (decimal 8221)
   defining Unicode char U+201E (decimal 8222)
   defining Unicode char U+2030 (decimal 8240)
   defining Unicode char U+2031 (decimal 8241)
   defining Unicode char U+2039 (decimal 8249)
   defining Unicode char U+203A (decimal 8250)
   defining Unicode char U+2423 (decimal 9251)
)
Now handling font encoding OT1 ...
... processing UTF-8 mapping file for font encoding OT1

(/usr/share/texlive/texmf-dist/tex/latex/base/ot1enc.dfu
File: ot1enc.dfu 2015/12/03 v1.1r UTF-8 support for inputenc
   defining Unicode char U+00A0 (decimal 160)
   defining Unicode char U+00A1 (decimal 161)
   defining Unicode char U+00A3 (decimal 163)
   defining Unicode char U+00AD (decimal 173)
   defining Unicode char U+00B8 (decimal 184)
   defining Unicode char U+00BF (decimal 191)
   defining Unicode char U+00C5 (decimal 197)
   defining Unicode char U+00C6 (decimal 198)
   defining Unicode char U+00D8 (decimal 216)
   defining Unicode char U+00DF (decimal 223)
   defining Unicode char U+00E6 (decimal 230)
   defining Unicode char U+00EC (decimal 236)
   defining Unicode char U+00ED (decimal 237)
   defining Unicode char U+00EE (decimal 238)
   defining Unicode char U+00EF (decimal 239)
   defining Unicode char U+00F8 (decimal 248)
   defining Unicode char U+0131 (decimal 305)
   defining Unicode char U+0141 (decimal 321)
   defining Unicode char U+0142 (decimal 322)
   defining Unicode char U+0152 (decimal 338)
   defining Unicode char U+0153 (decimal 339)
   defining Unicode char U+0174 (decimal 372)
   defining Unicode char U+0175 (decimal 373)
   defining Unicode char U+0176 (decimal 374)
   defining Unicode char U+0177 (decimal 375)
   defining Unicode char U+0218 (decimal 536)
   defining Unicode char U+0219 (decimal 537)
   defining Unicode char U+021A (decimal 538)
   defining Unicode char U+021B (decimal 539)
   defining Unicode char U+2013 (decimal 8211)
   defining Unicode char U+2014 (decimal 8212)
   defining Unicode char U+2018 (decimal 8216)
   defining Unicode char U+2019 (decimal 8217)
   defining Unicode char U+201C (decimal 8220)
   defining Unicode char U+201D (decimal 8221)
)
Now handling font encoding OMS ...
... processing UTF-8 mapping file for font encoding OMS

(/usr/share/texlive/texmf-dist/tex/latex/base/omsenc.dfu
File: omsenc.dfu 2015/12/03 v1.1r UTF-8 support for inputenc
   defining Unicode char U+00A7 (decimal 167)
   defining Unicode char U+00B6 (decimal 182)
   defining Unicode char U+00B7 (decimal 183)
   defining Unicode char U+2020 (decimal 8224)
   defining Unicode char U+2021 (decimal 8225)
   defining Unicode char U+2022 (decimal 8226)
)
Now handling font encoding OMX ...
... no UTF-8 mapping file for font encoding OMX
Now handling font encoding U ...
... no UTF-8 mapping file for font encoding U
   defining Unicode char U+00A9 (decimal 169)
   defining Unicode char U+00AA (decimal 170)
   defining Unicode char U+00AE (decimal 174)
   defining Unicode char U+00BA (decimal 186)
   defining Unicode char U+02C6 (decimal 710)
   defining Unicode char U+02DC (decimal 732)
   defining Unicode char U+200C (decimal 8204)
   defining Unicode char U+2026 (decimal 8230)
   defining Unicode char U+2122 (decimal 8482)
   defining Unicode char U+2423 (decimal 9251)
))
(/usr/share/texlive/texmf-dist/tex/latex/base/fontenc.sty
Package: fontenc 2005/09/27 v1.99g Standard LaTeX package

(/usr/share/texlive/texmf-dist/tex/latex/base/t1enc.def
File: t1enc.def 2005/09/27 v1.99g Standard LaTeX file
LaTeX Font Info:    Redeclaring font encoding T1 on input line 48.
))
(/usr/share/texlive/texmf-dist/tex/latex/geometry/geometry.sty
Package: geometry 2010/09/12 v5.6 Page Geometry

(/usr/share/texlive/texmf-dist/tex/latex/graphics/keyval.sty
Package: keyval 2014/10/28 v1.15 key=value parser (DPC)
\KV@toks@=\toks21
)
(/usr/share/texlive/texmf-dist/tex/generic/oberdiek/ifpdf.sty
Package: ifpdf 2011/01/30 v2.3 Provides the ifpdf switch (HO)
Package ifpdf Info: pdfTeX in PDF mode is detected.
)
(/usr/share/texlive/texmf-dist/tex/generic/oberdiek/ifvtex.sty
Package: ifvtex 2010/03/01 v1.5 Detect VTeX and its facilities (HO)
Package ifvtex Info: VTeX not detected.
)
(/usr/share/texlive/texmf-dist/tex/generic/ifxetex/ifxetex.sty
Package: ifxetex 2010/09/12 v0.6 Provides ifxetex conditional
)
\Gm@cnth=\count100
\Gm@cntv=\count101
\c@Gm@tempcnt=\count102
\Gm@bindingoffset=\dimen112
\Gm@wd@mp=\dimen113
\Gm@odd@mp=\dimen114
\Gm@even@mp=\dimen115
\Gm@layoutwidth=\dimen116
\Gm@layoutheight=\dimen117
\Gm@layouthoffset=\dimen118
\Gm@layoutvoffset=\dimen119
\Gm@dimlist=\toks22
)
(/usr/share/texlive/texmf-dist/tex/latex/caption/caption.sty
Package: caption 2016/02/21 v3.3-144 Customizing captions (AR)

(/usr/share/texlive/texmf-dist/tex/latex/caption/caption3.sty
Package: caption3 2016/02/04 v1.7-139 caption3 kernel (AR)
Package caption3 Info: TeX engine: e-TeX on input line 67.
\captionmargin=\dimen120
\captionmargin@=\dimen121
\captionwidth=\dimen122
\caption@tempdima=\dimen123
\caption@indent=\dimen124
\caption@parindent=\dimen125
\caption@hangindent=\dimen126
)
\c@ContinuedFloat=\count103
)
(/usr/share/texlive/texmf-dist/tex/latex/fancybox/fancybox.sty
Package: fancybox 2010/05/15 1.4

Style option: `fancybox' v1.4 <2010/05/15> (tvz)
\@fancybox=\box28
\shadowsize=\dimen127
\@Sbox=\box29
\do@VerbBox=\toks23
\the@fancyput=\toks24
\this@fancyput=\toks25
\EndVerbatimTokens=\toks26
\Verbatim@Outfile=\write3
\Verbatim@Infile=\read1
) (/usr/share/texlive/texmf-dist/tex/latex/listings/listings.sty
\lst@mode=\count104
\lst@gtempboxa=\box30
\lst@token=\toks27
\lst@length=\count105
\lst@currlwidth=\dimen128
\lst@column=\count106
\lst@pos=\count107
\lst@lostspace=\dimen129
\lst@width=\dimen130
\lst@newlines=\count108
\lst@lineno=\count109
\lst@maxwidth=\dimen131

(/usr/share/texlive/texmf-dist/tex/latex/listings/lstmisc.sty
File: lstmisc.sty 2015/06/04 1.6 (Carsten Heinz)
\c@lstnumber=\count110
\lst@skipnumbers=\count111
\lst@framebox=\box31
)
(/usr/share/texlive/texmf-dist/tex/latex/listings/listings.cfg
File: listings.cfg 2015/06/04 1.6 listings configuration
))
Package: listings 2015/06/04 1.6 (Carsten Heinz)

(/usr/share/texlive/texmf-dist/tex/latex/tocbibind/tocbibind.sty
Package: tocbibind 2010/10/13 v1.5k extra ToC listings
Package tocbibind Info: The document has chapter divisions on input line 50.


Package tocbibind Note: Using chapter style headings, unless overridden.

) (/usr/share/texlive/texmf-dist/tex/latex/minitoc/minitoc.sty
Package: minitoc 2015/07/13 v61 Package minitoc

(/usr/share/texlive/texmf-dist/tex/latex/minitoc/mtcmess.sty
Package: mtcmess 2006/03/14
)
Package minitoc Info: I0001
(minitoc)             *** minitoc package, version 61 ***.
\tf@mtc=\write4
\mtcindent=\skip46
\mtcskipamount=\skip47
Package minitoc Info: I0005
(minitoc)             compatible with hyperref.
Package minitoc Info: I0023
(minitoc)             part level macros available.
Package minitoc Info: I0003
(minitoc)             chapter level macros available.
\mtc@toks=\toks28
\mtc@strutbox=\box32
\mtc@hstrutbox=\box33
Package minitoc Info: I0002
(minitoc)             Autoconfiguration of extensions.
\openout4 = `Thesis.mtc0'.

\openout4 = `Thesis.mtc'.

 (./Thesis.mtc0)
Package minitoc Info: I0012
(minitoc)             Long extensions (Unix-like) will be used.
Package minitoc Info: I0031
(minitoc)             ==> this version is configured for UNIX-like 
(minitoc)                 (long extensions) file names.
\openout4 = `Thesis.mtc'.

\openout4 = `Thesis.mtc0'.

\c@mtc=\count112
\c@minitocdepth=\count113
\c@ptc=\count114
\c@parttocdepth=\count115
\ptcindent=\skip48
Package minitoc Info: I0010
(minitoc)             The english language is selected.
(minitoc)              on input line 4909.

(/usr/share/texlive/texmf-dist/tex/latex/minitoc/english.mld
File: english.mld 2006/01/13
)
(/usr/share/texlive/texmf-dist/tex/latex/minitoc/english.mld
File: english.mld 2006/01/13
))
(/usr/share/texlive/texmf-dist/tex/latex/ae/aecompl.sty
Package: aecompl 1998/07/23 0.9 T1 Complements for AE fonts (D. Roegel)
)
(/usr/share/texlive/texmf-dist/tex/latex/nomencl/nomencl.sty
Package: nomencl 2005/09/22 v4.2 Nomenclature package (LN)
\nomlabelwidth=\dimen132
\nom@tempdim=\dimen133
\nomitemsep=\skip49
)
\@nomenclaturefile=\write5
\openout5 = `Thesis.nlo'.


Writing nomenclature file Thesis.nlo
(/usr/share/texlive/texmf-dist/tex/latex/graphics/graphicx.sty
Package: graphicx 2014/10/28 v1.0g Enhanced LaTeX Graphics (DPC,SPQR)

(/usr/share/texlive/texmf-dist/tex/latex/graphics/graphics.sty
Package: graphics 2016/01/03 v1.0q Standard LaTeX Graphics (DPC,SPQR)

(/usr/share/texlive/texmf-dist/tex/latex/graphics/trig.sty
Package: trig 2016/01/03 v1.10 sin cos tan (DPC)
)
(/usr/share/texlive/texmf-dist/tex/latex/latexconfig/graphics.cfg
File: graphics.cfg 2010/04/23 v1.9 graphics configuration of TeX Live
)
Package graphics Info: Driver file: pdftex.def on input line 95.

(/usr/share/texlive/texmf-dist/tex/latex/pdftex-def/pdftex.def
File: pdftex.def 2011/05/27 v0.06d Graphics/color for pdfTeX

(/usr/share/texlive/texmf-dist/tex/generic/oberdiek/infwarerr.sty
Package: infwarerr 2010/04/08 v1.3 Providing info/warning/error messages (HO)
)
(/usr/share/texlive/texmf-dist/tex/generic/oberdiek/ltxcmds.sty
Package: ltxcmds 2011/11/09 v1.22 LaTeX kernel commands for general use (HO)
)
\Gread@gobject=\count116
))
\Gin@req@height=\dimen134
\Gin@req@width=\dimen135
)
(/usr/share/texlive/texmf-dist/tex/latex/hyperref/hyperref.sty
Package: hyperref 2012/11/06 v6.83m Hypertext links for LaTeX

(/usr/share/texlive/texmf-dist/tex/generic/oberdiek/hobsub-hyperref.sty
Package: hobsub-hyperref 2012/05/28 v1.13 Bundle oberdiek, subset hyperref (HO)


(/usr/share/texlive/texmf-dist/tex/generic/oberdiek/hobsub-generic.sty
Package: hobsub-generic 2012/05/28 v1.13 Bundle oberdiek, subset generic (HO)
Package: hobsub 2012/05/28 v1.13 Construct package bundles (HO)
Package hobsub Info: Skipping package `infwarerr' (already loaded).
Package hobsub Info: Skipping package `ltxcmds' (already loaded).
Package: ifluatex 2010/03/01 v1.3 Provides the ifluatex switch (HO)
Package ifluatex Info: LuaTeX not detected.
Package hobsub Info: Skipping package `ifvtex' (already loaded).
Package: intcalc 2007/09/27 v1.1 Expandable calculations with integers (HO)
Package hobsub Info: Skipping package `ifpdf' (already loaded).
Package: etexcmds 2011/02/16 v1.5 Avoid name clashes with e-TeX commands (HO)
Package etexcmds Info: Could not find \expanded.
(etexcmds)             That can mean that you are not using pdfTeX 1.50 or
(etexcmds)             that some package has redefined \expanded.
(etexcmds)             In the latter case, load this package earlier.
Package: kvsetkeys 2012/04/25 v1.16 Key value parser (HO)
Package: kvdefinekeys 2011/04/07 v1.3 Define keys (HO)
Package: pdftexcmds 2011/11/29 v0.20 Utility functions of pdfTeX for LuaTeX (HO
)
Package pdftexcmds Info: LuaTeX not detected.
Package pdftexcmds Info: \pdf@primitive is available.
Package pdftexcmds Info: \pdf@ifprimitive is available.
Package pdftexcmds Info: \pdfdraftmode found.
Package: pdfescape 2011/11/25 v1.13 Implements pdfTeX's escape features (HO)
Package: bigintcalc 2012/04/08 v1.3 Expandable calculations on big integers (HO
)
Package: bitset 2011/01/30 v1.1 Handle bit-vector datatype (HO)
Package: uniquecounter 2011/01/30 v1.2 Provide unlimited unique counter (HO)
)
Package hobsub Info: Skipping package `hobsub' (already loaded).
Package: letltxmacro 2010/09/02 v1.4 Let assignment for LaTeX macros (HO)
Package: hopatch 2012/05/28 v1.2 Wrapper for package hooks (HO)
Package: xcolor-patch 2011/01/30 xcolor patch
Package: atveryend 2011/06/30 v1.8 Hooks at the very end of document (HO)
Package atveryend Info: \enddocument detected (standard20110627).
Package: atbegshi 2011/10/05 v1.16 At begin shipout hook (HO)
Package: refcount 2011/10/16 v3.4 Data extraction from label references (HO)
Package: hycolor 2011/01/30 v1.7 Color options for hyperref/bookmark (HO)
)
(/usr/share/texlive/texmf-dist/tex/latex/oberdiek/auxhook.sty
Package: auxhook 2011/03/04 v1.3 Hooks for auxiliary files (HO)
)
(/usr/share/texlive/texmf-dist/tex/latex/oberdiek/kvoptions.sty
Package: kvoptions 2011/06/30 v3.11 Key value format for package options (HO)
)
\@linkdim=\dimen136
\Hy@linkcounter=\count117
\Hy@pagecounter=\count118

(/usr/share/texlive/texmf-dist/tex/latex/hyperref/pd1enc.def
File: pd1enc.def 2012/11/06 v6.83m Hyperref: PDFDocEncoding definition (HO)
Now handling font encoding PD1 ...
... no UTF-8 mapping file for font encoding PD1
)
\Hy@SavedSpaceFactor=\count119

(/usr/share/texlive/texmf-dist/tex/latex/latexconfig/hyperref.cfg
File: hyperref.cfg 2002/06/06 v1.2 hyperref configuration of TeXLive
)

Package hyperref Warning: Option `a4paper' is no longer used.

Package hyperref Info: Option `hyperindex' set `true' on input line 4319.
Package hyperref Info: Hyper figures OFF on input line 4443.
Package hyperref Info: Link nesting OFF on input line 4448.
Package hyperref Info: Hyper index ON on input line 4451.
Package hyperref Info: Plain pages OFF on input line 4458.
Package hyperref Info: Backreferencing ON on input line 4461.
Package hyperref Info: Implicit mode ON; LaTeX internals redefined.
Package hyperref Info: Bookmarks ON on input line 4688.
(/usr/share/texlive/texmf-dist/tex/latex/hyperref/backref.sty
Package: backref 2012/07/25 v1.38 Bibliographical back referencing

(/usr/share/texlive/texmf-dist/tex/latex/oberdiek/rerunfilecheck.sty
Package: rerunfilecheck 2011/04/15 v1.7 Rerun checks for auxiliary files (HO)
Package uniquecounter Info: New unique counter `rerunfilecheck' on input line 2
82.
))
\c@Hy@tempcnt=\count120

(/usr/share/texlive/texmf-dist/tex/latex/url/url.sty
\Urlmuskip=\muskip11
Package: url 2013/09/16  ver 3.4  Verb mode for urls, etc.
)
LaTeX Info: Redefining \url on input line 5041.
\XeTeXLinkMargin=\dimen137
\Fld@menulength=\count121
\Field@Width=\dimen138
\Fld@charsize=\dimen139
Package hyperref Info: Hyper figures OFF on input line 6295.
Package hyperref Info: Link nesting OFF on input line 6300.
Package hyperref Info: Hyper index ON on input line 6303.
Package hyperref Info: backreferencing ON on input line 6308.
Package hyperref Info: Link coloring OFF on input line 6315.
Package hyperref Info: Link coloring with OCG OFF on input line 6320.
Package hyperref Info: PDF/A mode OFF on input line 6325.
LaTeX Info: Redefining \ref on input line 6365.
LaTeX Info: Redefining \pageref on input line 6369.
\Hy@abspage=\count122
\c@Item=\count123
\c@Hfootnote=\count124
)

Package hyperref Message: Driver (autodetected): hpdftex.

(/usr/share/texlive/texmf-dist/tex/latex/hyperref/hpdftex.def
File: hpdftex.def 2012/11/06 v6.83m Hyperref driver for pdfTeX
\Fld@listcount=\count125
\c@bookmark@seq@number=\count126
\Hy@SectionHShift=\skip50
)
(/usr/share/texlive/texmf-dist/tex/latex/graphics/color.sty
Package: color 2016/01/03 v1.1b Standard LaTeX Color (DPC)

(/usr/share/texlive/texmf-dist/tex/latex/latexconfig/color.cfg
File: color.cfg 2007/01/18 v1.5 color configuration of teTeX/TeXLive
)
Package color Info: Driver file: pdftex.def on input line 143.
)
Package hyperref Info: Option `bookmarksopen' set `true' on input line 69.
Package hyperref Info: Option `pdfmenubar' set `true' on input line 69.
Package hyperref Info: Option `colorlinks' set `true' on input line 69.


Package hyperref Warning: Values of option `pdfpagemode':
(hyperref)                * `UseNone'
(hyperref)                * `UseOutlines'
(hyperref)                * `UseThumbs'
(hyperref)                * `FullScreen'
(hyperref)                * `UseOC' (PDF 1.5)
(hyperref)                * `UseAttachments' (PDF 1.6)
(hyperref)                * An empty value disables the option.
(hyperref)                Unknown value `None' on input line 69.

Package hyperref Info: Option `pdffitwindow' set `true' on input line 69.
(/usr/share/texlive/texmf-dist/tex/latex/rotating/rotating.sty
Package: rotating 2009/03/28 v2.16a rotated objects in LaTeX

(/usr/share/texlive/texmf-dist/tex/latex/base/ifthen.sty
Package: ifthen 2014/09/29 v1.1c Standard LaTeX ifthen package (DPC)
)
\c@r@tfl@t=\count127
\rotFPtop=\skip51
\rotFPbot=\skip52
\rot@float@box=\box34
\rot@mess@toks=\toks29
)
(/usr/share/texlive/texmf-dist/tex/latex/fancyhdr/fancyhdr.sty
\fancy@headwidth=\skip53
\f@ncyO@elh=\skip54
\f@ncyO@erh=\skip55
\f@ncyO@olh=\skip56
\f@ncyO@orh=\skip57
\f@ncyO@elf=\skip58
\f@ncyO@erf=\skip59
\f@ncyO@olf=\skip60
\f@ncyO@orf=\skip61
)
(/usr/share/texlive/texmf-dist/tex/latex/colortbl/colortbl.sty
Package: colortbl 2012/02/13 v1.0a Color table columns (DPC)

(/usr/share/texlive/texmf-dist/tex/latex/tools/array.sty
Package: array 2014/10/28 v2.4c Tabular extension package (FMi)
\col@sep=\dimen140
\extrarowheight=\dimen141
\NC@list=\toks30
\extratabsurround=\skip62
\backup@length=\skip63
)
\everycr=\toks31
\minrowclearance=\skip64
)
(/usr/share/texlive/texmf-dist/tex/latex/algorithms/algorithm.sty
Package: algorithm 2009/08/24 v0.1 Document Style `algorithm' - floating enviro
nment

(/usr/share/texlive/texmf-dist/tex/latex/float/float.sty
Package: float 2001/11/08 v1.3d Float enhancements (AL)
\c@float@type=\count128
\float@exts=\toks32
\float@box=\box35
\@float@everytoks=\toks33
\@floatcapt=\box36
)
\@float@every@algorithm=\toks34
\c@algorithm=\count129
)
(/usr/share/texlive/texmf-dist/tex/latex/algorithms/algorithmic.sty
Package: algorithmic 2009/08/24 v0.1 Document Style `algorithmic'
\c@ALC@unique=\count130
\c@ALC@line=\count131
\c@ALC@rem=\count132
\c@ALC@depth=\count133
\ALC@tlm=\skip65
\algorithmicindent=\skip66
)
(/usr/share/texlive/texmf-dist/tex/latex/todonotes/todonotes.sty
Package: todonotes 2015/07/09 .dtx Todonotes source and documentation.
Package: todonotes 2012/07/25

(/usr/share/texlive/texmf-dist/tex/latex/xkeyval/xkeyval.sty
Package: xkeyval 2014/12/03 v2.7a package option processing (HA)

(/usr/share/texlive/texmf-dist/tex/generic/xkeyval/xkeyval.tex
(/usr/share/texlive/texmf-dist/tex/generic/xkeyval/xkvutils.tex
\XKV@toks=\toks35
\XKV@tempa@toks=\toks36
)
\XKV@depth=\count134
File: xkeyval.tex 2014/12/03 v2.7a key=value parser (HA)
))
(/usr/share/texlive/texmf-dist/tex/latex/xcolor/xcolor.sty
Package: xcolor 2007/01/21 v2.11 LaTeX color extensions (UK)

(/usr/share/texlive/texmf-dist/tex/latex/latexconfig/color.cfg
File: color.cfg 2007/01/18 v1.5 color configuration of teTeX/TeXLive
)
Package xcolor Info: Driver file: pdftex.def on input line 225.
LaTeX Info: Redefining \color on input line 702.
Package xcolor Info: Model `cmy' substituted by `cmy0' on input line 1337.
Package xcolor Info: Model `hsb' substituted by `rgb' on input line 1341.
Package xcolor Info: Model `RGB' extended on input line 1353.
Package xcolor Info: Model `HTML' substituted by `rgb' on input line 1355.
Package xcolor Info: Model `Hsb' substituted by `hsb' on input line 1356.
Package xcolor Info: Model `tHsb' substituted by `hsb' on input line 1357.
Package xcolor Info: Model `HSB' substituted by `hsb' on input line 1358.
Package xcolor Info: Model `Gray' substituted by `gray' on input line 1359.
Package xcolor Info: Model `wave' substituted by `hsb' on input line 1360.
)
(/usr/share/texlive/texmf-dist/tex/latex/pgf/frontendlayer/tikz.sty
(/usr/share/texlive/texmf-dist/tex/latex/pgf/basiclayer/pgf.sty
(/usr/share/texlive/texmf-dist/tex/latex/pgf/utilities/pgfrcs.sty
(/usr/share/texlive/texmf-dist/tex/generic/pgf/utilities/pgfutil-common.tex
\pgfutil@everybye=\toks37
\pgfutil@tempdima=\dimen142
\pgfutil@tempdimb=\dimen143

(/usr/share/texlive/texmf-dist/tex/generic/pgf/utilities/pgfutil-common-lists.t
ex)) (/usr/share/texlive/texmf-dist/tex/generic/pgf/utilities/pgfutil-latex.def
\pgfutil@abb=\box37
(/usr/share/texlive/texmf-dist/tex/latex/ms/everyshi.sty
Package: everyshi 2001/05/15 v3.00 EveryShipout Package (MS)
))
(/usr/share/texlive/texmf-dist/tex/generic/pgf/utilities/pgfrcs.code.tex
Package: pgfrcs 2015/08/07 v3.0.1a (rcs-revision 1.31)
))
Package: pgf 2015/08/07 v3.0.1a (rcs-revision 1.15)

(/usr/share/texlive/texmf-dist/tex/latex/pgf/basiclayer/pgfcore.sty
(/usr/share/texlive/texmf-dist/tex/latex/pgf/systemlayer/pgfsys.sty
(/usr/share/texlive/texmf-dist/tex/generic/pgf/systemlayer/pgfsys.code.tex
Package: pgfsys 2014/07/09 v3.0.1a (rcs-revision 1.48)

(/usr/share/texlive/texmf-dist/tex/generic/pgf/utilities/pgfkeys.code.tex
\pgfkeys@pathtoks=\toks38
\pgfkeys@temptoks=\toks39

(/usr/share/texlive/texmf-dist/tex/generic/pgf/utilities/pgfkeysfiltered.code.t
ex
\pgfkeys@tmptoks=\toks40
))
\pgf@x=\dimen144
\pgf@y=\dimen145
\pgf@xa=\dimen146
\pgf@ya=\dimen147
\pgf@xb=\dimen148
\pgf@yb=\dimen149
\pgf@xc=\dimen150
\pgf@yc=\dimen151
\w@pgf@writea=\write6
\r@pgf@reada=\read2
\c@pgf@counta=\count135
\c@pgf@countb=\count136
\c@pgf@countc=\count137
\c@pgf@countd=\count138
\t@pgf@toka=\toks41
\t@pgf@tokb=\toks42
\t@pgf@tokc=\toks43
 (/usr/share/texlive/texmf-dist/tex/generic/pgf/systemlayer/pgf.cfg
File: pgf.cfg 2008/05/14  (rcs-revision 1.7)
)
Driver file for pgf: pgfsys-pdftex.def

(/usr/share/texlive/texmf-dist/tex/generic/pgf/systemlayer/pgfsys-pdftex.def
File: pgfsys-pdftex.def 2014/10/11  (rcs-revision 1.35)

(/usr/share/texlive/texmf-dist/tex/generic/pgf/systemlayer/pgfsys-common-pdf.de
f
File: pgfsys-common-pdf.def 2013/10/10  (rcs-revision 1.13)
)))
(/usr/share/texlive/texmf-dist/tex/generic/pgf/systemlayer/pgfsyssoftpath.code.
tex
File: pgfsyssoftpath.code.tex 2013/09/09  (rcs-revision 1.9)
\pgfsyssoftpath@smallbuffer@items=\count139
\pgfsyssoftpath@bigbuffer@items=\count140
)
(/usr/share/texlive/texmf-dist/tex/generic/pgf/systemlayer/pgfsysprotocol.code.
tex
File: pgfsysprotocol.code.tex 2006/10/16  (rcs-revision 1.4)
))
(/usr/share/texlive/texmf-dist/tex/generic/pgf/basiclayer/pgfcore.code.tex
Package: pgfcore 2010/04/11 v3.0.1a (rcs-revision 1.7)

(/usr/share/texlive/texmf-dist/tex/generic/pgf/math/pgfmath.code.tex
(/usr/share/texlive/texmf-dist/tex/generic/pgf/math/pgfmathcalc.code.tex
(/usr/share/texlive/texmf-dist/tex/generic/pgf/math/pgfmathutil.code.tex)
(/usr/share/texlive/texmf-dist/tex/generic/pgf/math/pgfmathparser.code.tex
\pgfmath@dimen=\dimen152
\pgfmath@count=\count141
\pgfmath@box=\box38
\pgfmath@toks=\toks44
\pgfmath@stack@operand=\toks45
\pgfmath@stack@operation=\toks46
)
(/usr/share/texlive/texmf-dist/tex/generic/pgf/math/pgfmathfunctions.code.tex
(/usr/share/texlive/texmf-dist/tex/generic/pgf/math/pgfmathfunctions.basic.code
.tex)
(/usr/share/texlive/texmf-dist/tex/generic/pgf/math/pgfmathfunctions.trigonomet
ric.code.tex)
(/usr/share/texlive/texmf-dist/tex/generic/pgf/math/pgfmathfunctions.random.cod
e.tex)
(/usr/share/texlive/texmf-dist/tex/generic/pgf/math/pgfmathfunctions.comparison
.code.tex)
(/usr/share/texlive/texmf-dist/tex/generic/pgf/math/pgfmathfunctions.base.code.
tex)
(/usr/share/texlive/texmf-dist/tex/generic/pgf/math/pgfmathfunctions.round.code
.tex)
(/usr/share/texlive/texmf-dist/tex/generic/pgf/math/pgfmathfunctions.misc.code.
tex)
(/usr/share/texlive/texmf-dist/tex/generic/pgf/math/pgfmathfunctions.integerari
thmetics.code.tex)))
(/usr/share/texlive/texmf-dist/tex/generic/pgf/math/pgfmathfloat.code.tex
\c@pgfmathroundto@lastzeros=\count142
))
(/usr/share/texlive/texmf-dist/tex/generic/pgf/basiclayer/pgfcorepoints.code.te
x
File: pgfcorepoints.code.tex 2013/10/07  (rcs-revision 1.27)
\pgf@picminx=\dimen153
\pgf@picmaxx=\dimen154
\pgf@picminy=\dimen155
\pgf@picmaxy=\dimen156
\pgf@pathminx=\dimen157
\pgf@pathmaxx=\dimen158
\pgf@pathminy=\dimen159
\pgf@pathmaxy=\dimen160
\pgf@xx=\dimen161
\pgf@xy=\dimen162
\pgf@yx=\dimen163
\pgf@yy=\dimen164
\pgf@zx=\dimen165
\pgf@zy=\dimen166
)
(/usr/share/texlive/texmf-dist/tex/generic/pgf/basiclayer/pgfcorepathconstruct.
code.tex
File: pgfcorepathconstruct.code.tex 2013/10/07  (rcs-revision 1.29)
\pgf@path@lastx=\dimen167
\pgf@path@lasty=\dimen168
)
(/usr/share/texlive/texmf-dist/tex/generic/pgf/basiclayer/pgfcorepathusage.code
.tex
File: pgfcorepathusage.code.tex 2014/11/02  (rcs-revision 1.24)
\pgf@shorten@end@additional=\dimen169
\pgf@shorten@start@additional=\dimen170
)
(/usr/share/texlive/texmf-dist/tex/generic/pgf/basiclayer/pgfcorescopes.code.te
x
File: pgfcorescopes.code.tex 2015/05/08  (rcs-revision 1.46)
\pgfpic=\box39
\pgf@hbox=\box40
\pgf@layerbox@main=\box41
\pgf@picture@serial@count=\count143
)
(/usr/share/texlive/texmf-dist/tex/generic/pgf/basiclayer/pgfcoregraphicstate.c
ode.tex
File: pgfcoregraphicstate.code.tex 2014/11/02  (rcs-revision 1.12)
\pgflinewidth=\dimen171
)
(/usr/share/texlive/texmf-dist/tex/generic/pgf/basiclayer/pgfcoretransformation
s.code.tex
File: pgfcoretransformations.code.tex 2015/08/07  (rcs-revision 1.20)
\pgf@pt@x=\dimen172
\pgf@pt@y=\dimen173
\pgf@pt@temp=\dimen174
)
(/usr/share/texlive/texmf-dist/tex/generic/pgf/basiclayer/pgfcorequick.code.tex
File: pgfcorequick.code.tex 2008/10/09  (rcs-revision 1.3)
)
(/usr/share/texlive/texmf-dist/tex/generic/pgf/basiclayer/pgfcoreobjects.code.t
ex
File: pgfcoreobjects.code.tex 2006/10/11  (rcs-revision 1.2)
)
(/usr/share/texlive/texmf-dist/tex/generic/pgf/basiclayer/pgfcorepathprocessing
.code.tex
File: pgfcorepathprocessing.code.tex 2013/09/09  (rcs-revision 1.9)
)
(/usr/share/texlive/texmf-dist/tex/generic/pgf/basiclayer/pgfcorearrows.code.te
x
File: pgfcorearrows.code.tex 2015/05/14  (rcs-revision 1.43)
\pgfarrowsep=\dimen175
)
(/usr/share/texlive/texmf-dist/tex/generic/pgf/basiclayer/pgfcoreshade.code.tex
File: pgfcoreshade.code.tex 2013/07/15  (rcs-revision 1.15)
\pgf@max=\dimen176
\pgf@sys@shading@range@num=\count144
)
(/usr/share/texlive/texmf-dist/tex/generic/pgf/basiclayer/pgfcoreimage.code.tex
File: pgfcoreimage.code.tex 2013/07/15  (rcs-revision 1.18)

(/usr/share/texlive/texmf-dist/tex/generic/pgf/basiclayer/pgfcoreexternal.code.
tex
File: pgfcoreexternal.code.tex 2014/07/09  (rcs-revision 1.21)
\pgfexternal@startupbox=\box42
))
(/usr/share/texlive/texmf-dist/tex/generic/pgf/basiclayer/pgfcorelayers.code.te
x
File: pgfcorelayers.code.tex 2013/07/18  (rcs-revision 1.7)
)
(/usr/share/texlive/texmf-dist/tex/generic/pgf/basiclayer/pgfcoretransparency.c
ode.tex
File: pgfcoretransparency.code.tex 2013/09/30  (rcs-revision 1.5)
)
(/usr/share/texlive/texmf-dist/tex/generic/pgf/basiclayer/pgfcorepatterns.code.
tex
File: pgfcorepatterns.code.tex 2013/11/07  (rcs-revision 1.5)
)))
(/usr/share/texlive/texmf-dist/tex/generic/pgf/modules/pgfmoduleshapes.code.tex
File: pgfmoduleshapes.code.tex 2014/03/21  (rcs-revision 1.35)
\pgfnodeparttextbox=\box43
) (/usr/share/texlive/texmf-dist/tex/generic/pgf/modules/pgfmoduleplot.code.tex
File: pgfmoduleplot.code.tex 2015/08/03  (rcs-revision 1.13)
)
(/usr/share/texlive/texmf-dist/tex/latex/pgf/compatibility/pgfcomp-version-0-65
.sty
Package: pgfcomp-version-0-65 2007/07/03 v3.0.1a (rcs-revision 1.7)
\pgf@nodesepstart=\dimen177
\pgf@nodesepend=\dimen178
)
(/usr/share/texlive/texmf-dist/tex/latex/pgf/compatibility/pgfcomp-version-1-18
.sty
Package: pgfcomp-version-1-18 2007/07/23 v3.0.1a (rcs-revision 1.1)
)) (/usr/share/texlive/texmf-dist/tex/latex/pgf/utilities/pgffor.sty
(/usr/share/texlive/texmf-dist/tex/latex/pgf/utilities/pgfkeys.sty
(/usr/share/texlive/texmf-dist/tex/generic/pgf/utilities/pgfkeys.code.tex))
(/usr/share/texlive/texmf-dist/tex/latex/pgf/math/pgfmath.sty
(/usr/share/texlive/texmf-dist/tex/generic/pgf/math/pgfmath.code.tex))
(/usr/share/texlive/texmf-dist/tex/generic/pgf/utilities/pgffor.code.tex
Package: pgffor 2013/12/13 v3.0.1a (rcs-revision 1.25)

(/usr/share/texlive/texmf-dist/tex/generic/pgf/math/pgfmath.code.tex)
\pgffor@iter=\dimen179
\pgffor@skip=\dimen180
\pgffor@stack=\toks47
\pgffor@toks=\toks48
))
(/usr/share/texlive/texmf-dist/tex/generic/pgf/frontendlayer/tikz/tikz.code.tex
Package: tikz 2015/08/07 v3.0.1a (rcs-revision 1.151)

(/usr/share/texlive/texmf-dist/tex/generic/pgf/libraries/pgflibraryplothandlers
.code.tex
File: pgflibraryplothandlers.code.tex 2013/08/31 v3.0.1a (rcs-revision 1.20)
\pgf@plot@mark@count=\count145
\pgfplotmarksize=\dimen181
)
\tikz@lastx=\dimen182
\tikz@lasty=\dimen183
\tikz@lastxsaved=\dimen184
\tikz@lastysaved=\dimen185
\tikzleveldistance=\dimen186
\tikzsiblingdistance=\dimen187
\tikz@figbox=\box44
\tikz@figbox@bg=\box45
\tikz@tempbox=\box46
\tikz@tempbox@bg=\box47
\tikztreelevel=\count146
\tikznumberofchildren=\count147
\tikznumberofcurrentchild=\count148
\tikz@fig@count=\count149

(/usr/share/texlive/texmf-dist/tex/generic/pgf/modules/pgfmodulematrix.code.tex
File: pgfmodulematrix.code.tex 2013/09/17  (rcs-revision 1.8)
\pgfmatrixcurrentrow=\count150
\pgfmatrixcurrentcolumn=\count151
\pgf@matrix@numberofcolumns=\count152
)
\tikz@expandcount=\count153

(/usr/share/texlive/texmf-dist/tex/generic/pgf/frontendlayer/tikz/libraries/tik
zlibrarytopaths.code.tex
File: tikzlibrarytopaths.code.tex 2008/06/17 v3.0.1a (rcs-revision 1.2)
)))
(/usr/share/texlive/texmf-dist/tex/generic/pgf/frontendlayer/tikz/libraries/tik
zlibrarypositioning.code.tex
File: tikzlibrarypositioning.code.tex 2008/10/06 v3.0.1a (rcs-revision 1.7)
)
(/usr/share/texlive/texmf-dist/tex/latex/tools/calc.sty
Package: calc 2014/10/28 v4.3 Infix arithmetic (KKT,FJ)
\calc@Acount=\count154
\calc@Bcount=\count155
\calc@Adimen=\dimen188
\calc@Bdimen=\dimen189
\calc@Askip=\skip67
\calc@Bskip=\skip68
LaTeX Info: Redefining \setlength on input line 80.
LaTeX Info: Redefining \addtolength on input line 81.
\calc@Ccount=\count156
\calc@Cskip=\skip69
)
\c@@todonotes@numberoftodonotes=\count157
)
(/usr/share/texlive/texmf-dist/tex/latex/multirow/multirow.sty
\bigstrutjot=\dimen190
)
\c@definition=\count158

(/usr/share/texlive/texmf-dist/tex/latex/listings/lstlang1.sty
File: lstlang1.sty 2015/06/04 1.6 listings language file
)) (./Thesis.aux
(./TitlePage.aux) (./Chapters/Abstract.aux) (./Chapters/german_abstrakt.aux)
(./DeclAuthorship.aux) (./Chapters/Introduction.aux)
(./Chapters/Related_work.aux) (./Chapters/VehicleSetup.aux)
(./Chapters/Concept.aux) (./Chapters/Implementation.aux

LaTeX Warning: Label `implementation' multiply defined.

) (./Chapters/Discussion.aux) (./Chapters/Evaluation.aux)
(./Chapters/Conclusion.aux))
\openout1 = `Thesis.aux'.

LaTeX Font Info:    Checking defaults for OML/cmm/m/it on input line 7.
LaTeX Font Info:    ... okay on input line 7.
LaTeX Font Info:    Checking defaults for T1/cmr/m/n on input line 7.
LaTeX Font Info:    ... okay on input line 7.
LaTeX Font Info:    Checking defaults for OT1/cmr/m/n on input line 7.
LaTeX Font Info:    ... okay on input line 7.
LaTeX Font Info:    Checking defaults for OMS/cmsy/m/n on input line 7.
LaTeX Font Info:    ... okay on input line 7.
LaTeX Font Info:    Checking defaults for OMX/cmex/m/n on input line 7.
LaTeX Font Info:    ... okay on input line 7.
LaTeX Font Info:    Checking defaults for U/cmr/m/n on input line 7.
LaTeX Font Info:    ... okay on input line 7.
LaTeX Font Info:    Checking defaults for PD1/pdf/m/n on input line 7.
LaTeX Font Info:    ... okay on input line 7.

*geometry* driver: auto-detecting
*geometry* detected driver: pdftex
*geometry* verbose mode - [ preamble ] result:
* driver: pdftex
* paper: a4paper
* layout: <same size as paper>
* layoutoffset:(h,v)=(0.0pt,0.0pt)
* modes: includehead includefoot twoside 
* h-part:(L,W,R)=(108.405pt, 395.15166pt, 93.95122pt)
* v-part:(T,H,B)=(79.49744pt, 686.05197pt, 79.49744pt)
* \paperwidth=597.50787pt
* \paperheight=845.04684pt
* \textwidth=395.15166pt
* \textheight=622.57817pt
* \oddsidemargin=36.13501pt
* \evensidemargin=21.68123pt
* \topmargin=7.22745pt
* \headheight=13.6pt
* \headsep=19.8738pt
* \topskip=12.0pt
* \footskip=30.0pt
* \marginparwidth=88.0pt
* \marginparsep=7.0pt
* \columnsep=10.0pt
* \skip\footins=10.8pt plus 4.0pt minus 2.0pt
* \hoffset=0.0pt
* \voffset=0.0pt
* \mag=1000
* \@twocolumnfalse
* \@twosidetrue
* \@mparswitchtrue
* \@reversemarginfalse
* (1in=72.27pt=25.4mm, 1cm=28.453pt)

Package caption Info: Begin \AtBeginDocument code.
Package caption Info: float package is loaded.
Package caption Info: hyperref package is loaded.
Package caption Info: listings package is loaded.
Package caption Info: rotating package is loaded.
Package caption Info: End \AtBeginDocument code.
\c@lstlisting=\count159
Package minitoc(hints) Info: I0049
(minitoc(hints))             ==> You requested the hints option. 
(minitoc(hints))             Some hints are eventually given below.
Package minitoc(hints) Info: I0046
(minitoc(hints))             --- The tocbibind package is loaded. 
(minitoc(hints))             See the minitoc package documentation 
(minitoc(hints))             for specific precautions.

Package minitoc(hints) Warning: W0030
(minitoc(hints))                --- The \part command is altered 
(minitoc(hints))                after minitoc.


Package minitoc(hints) Warning: W0023
(minitoc(hints))                --- It may be the consequence 
(minitoc(hints))                of loading the ``hyperref'' package.


Package minitoc(hints) Warning: W0028
(minitoc(hints))                --- The \chapter command is altered 
(minitoc(hints))                after minitoc.


Package minitoc(hints) Warning: W0023
(minitoc(hints))                --- It may be the consequence 
(minitoc(hints))                of loading the ``hyperref'' package.

(/usr/share/texlive/texmf-dist/tex/context/base/supp-pdf.mkii
[Loading MPS to PDF converter (version 2006.09.02).]
\scratchcounter=\count160
\scratchdimen=\dimen191
\scratchbox=\box48
\nofMPsegments=\count161
\nofMParguments=\count162
\everyMPshowfont=\toks49
\MPscratchCnt=\count163
\MPscratchDim=\dimen192
\MPnumerator=\count164
\makeMPintoPDFobject=\count165
\everyMPtoPDFconversion=\toks50
) (/usr/share/texlive/texmf-dist/tex/latex/oberdiek/epstopdf-base.sty
Package: epstopdf-base 2010/02/09 v2.5 Base part for package epstopdf

(/usr/share/texlive/texmf-dist/tex/latex/oberdiek/grfext.sty
Package: grfext 2010/08/19 v1.1 Manage graphics extensions (HO)
)
Package grfext Info: Graphics extension search list:
(grfext)             [.jpg,.eps]
(grfext)             \AppendGraphicsExtensions on input line 452.

(/usr/share/texlive/texmf-dist/tex/latex/latexconfig/epstopdf-sys.cfg
File: epstopdf-sys.cfg 2010/07/13 v1.3 Configuration of (r)epstopdf for TeX Liv
e
))
\AtBeginShipoutBox=\box49
Package hyperref Info: Link coloring ON on input line 7.

(/usr/share/texlive/texmf-dist/tex/latex/hyperref/nameref.sty
Package: nameref 2012/10/27 v2.43 Cross-referencing by name of section

(/usr/share/texlive/texmf-dist/tex/generic/oberdiek/gettitlestring.sty
Package: gettitlestring 2010/12/03 v1.4 Cleanup title references (HO)
)
\c@section@level=\count166
)
LaTeX Info: Redefining \ref on input line 7.
LaTeX Info: Redefining \pageref on input line 7.
LaTeX Info: Redefining \nameref on input line 7.

(./Thesis.out) (./Thesis.out)
\@outlinefile=\write7
\openout7 = `Thesis.out'.

 ABD: EveryShipout initializing macros
\openout2 = `TitlePage.aux'.


(./TitlePage.tex <Images/university.png, id=228, 1204.5pt x 673.51625pt>
File: Images/university.png Graphic file (type png)

<use Images/university.png>
Package pdftex.def Info: Images/university.png used on input line 22.
(pdftex.def)             Requested size: 158.05824pt x 88.37207pt.
LaTeX Font Info:    Try loading font information for U+msa on input line 25.

(/usr/share/texlive/texmf-dist/tex/latex/amsfonts/umsa.fd
File: umsa.fd 2013/01/14 v3.01 AMS symbols A
)
LaTeX Font Info:    Try loading font information for U+msb on input line 25.

(/usr/share/texlive/texmf-dist/tex/latex/amsfonts/umsb.fd
File: umsb.fd 2013/01/14 v3.01 AMS symbols B
) [1





{/var/lib/texmf/fonts/map/pdftex/updmap/pdftex.map} <./Images/university.png>] 
[2

])
\openout2 = `Chapters/Abstract.aux'.


(./Chapters/Abstract.tex)pdfTeX warning (ext4): destination with the same ident
ifier (name{page.1}) has been already used, duplicate ignored
<to be read again> 
                   \relax 
l.10 \include{Chapters/Abstract}
                                 [1



]
\openout2 = `Chapters/german_abstrakt.aux'.

 (./Chapters/german_abstrakt.texpdfTeX warning (ext4): destination with the sam
e identifier (name{page.2}) has been already used, duplicate ignored
<to be read again> 
                   \relax 
l.1 \chapter
            *{Abstrakt} [2



]) [3]
\openout2 = `DeclAuthorship.aux'.

 (./DeclAuthorship.tex [4



]
Underfull \hbox (badness 10000) in paragraph at lines 19--20

 []

pdfTeX warning (ext4): destination with the same identifier (name{page.1}) has 
been already used, duplicate ignored
<to be read again> 
                   \relax 
l.34 \end{titlepage}
                     [1]pdfTeX warning (ext4): destination with the same identi
fier (name{page.2}) has been already used, duplicate ignored
<to be read again> 
                   \relax 
l.37 \titlepage
                [2

])
Package minitoc Info: I0024
(minitoc)             PREPARING MINITOCS FROM Thesis.toc on input line 15.
Package minitoc Info: I0033
(minitoc)             Writing Thesis.mtc1.
\openout4 = `Thesis.mtc1'.

Package minitoc Info: I0033
(minitoc)             Writing Thesis.mtc2.
\openout4 = `Thesis.mtc2'.

Package minitoc Info: I0033
(minitoc)             Writing Thesis.mtc3.
\openout4 = `Thesis.mtc3'.

Package minitoc Info: I0033
(minitoc)             Writing Thesis.mtc4.
\openout4 = `Thesis.mtc4'.

Package minitoc Info: I0033
(minitoc)             Writing Thesis.mtc5.
\openout4 = `Thesis.mtc5'.

Package minitoc Info: I0033
(minitoc)             Writing Thesis.mtc6.
\openout4 = `Thesis.mtc6'.

Package minitoc Info: I0033
(minitoc)             Writing Thesis.mtc7.
\openout4 = `Thesis.mtc7'.

 (./Thesis.toc

Package xcolor Warning: Incompatible color definition on input line 1.


Package xcolor Warning: Incompatible color definition on input line 2.


Package xcolor Warning: Incompatible color definition on input line 3.


Package xcolor Warning: Incompatible color definition on input line 4.


Package xcolor Warning: Incompatible color definition on input line 5.


Package xcolor Warning: Incompatible color definition on input line 6.


Package xcolor Warning: Incompatible color definition on input line 7.


Package xcolor Warning: Incompatible color definition on input line 8.


Package xcolor Warning: Incompatible color definition on input line 9.


Package xcolor Warning: Incompatible color definition on input line 10.


Package xcolor Warning: Incompatible color definition on input line 11.


Package xcolor Warning: Incompatible color definition on input line 12.


Package xcolor Warning: Incompatible color definition on input line 13.


Package xcolor Warning: Incompatible color definition on input line 14.


Package xcolor Warning: Incompatible color definition on input line 15.


Package xcolor Warning: Incompatible color definition on input line 16.


Package xcolor Warning: Incompatible color definition on input line 17.


Package xcolor Warning: Incompatible color definition on input line 18.


Package xcolor Warning: Incompatible color definition on input line 19.


Package xcolor Warning: Incompatible color definition on input line 20.


Package xcolor Warning: Incompatible color definition on input line 21.


Package xcolor Warning: Incompatible color definition on input line 22.


Package xcolor Warning: Incompatible color definition on input line 23.


Package xcolor Warning: Incompatible color definition on input line 24.


Package xcolor Warning: Incompatible color definition on input line 25.


Package xcolor Warning: Incompatible color definition on input line 26.


Package xcolor Warning: Incompatible color definition on input line 27.


Package xcolor Warning: Incompatible color definition on input line 28.


Package xcolor Warning: Incompatible color definition on input line 29.


Package xcolor Warning: Incompatible color definition on input line 30.


Package xcolor Warning: Incompatible color definition on input line 31.


Package xcolor Warning: Incompatible color definition on input line 32.


Package xcolor Warning: Incompatible color definition on input line 33.


Package xcolor Warning: Incompatible color definition on input line 34.


Package xcolor Warning: Incompatible color definition on input line 35.


Package xcolor Warning: Incompatible color definition on input line 36.

[1


]

Package xcolor Warning: Incompatible color definition on input line 37.


Package xcolor Warning: Incompatible color definition on input line 38.


Package xcolor Warning: Incompatible color definition on input line 39.


Package xcolor Warning: Incompatible color definition on input line 40.


Package xcolor Warning: Incompatible color definition on input line 41.


Package xcolor Warning: Incompatible color definition on input line 42.


Package xcolor Warning: Incompatible color definition on input line 43.


Package xcolor Warning: Incompatible color definition on input line 44.


Package xcolor Warning: Incompatible color definition on input line 45.


Package xcolor Warning: Incompatible color definition on input line 46.


Package xcolor Warning: Incompatible color definition on input line 47.


Package xcolor Warning: Incompatible color definition on input line 48.


Package xcolor Warning: Incompatible color definition on input line 49.


Package xcolor Warning: Incompatible color definition on input line 50.


Package xcolor Warning: Incompatible color definition on input line 51.


Package xcolor Warning: Incompatible color definition on input line 52.


Package xcolor Warning: Incompatible color definition on input line 53.


Package xcolor Warning: Incompatible color definition on input line 54.


Package xcolor Warning: Incompatible color definition on input line 55.

)
\tf@toc=\write8
\openout8 = `Thesis.toc'.



Package Fancyhdr Warning: \headheight is too small (13.6pt): 
 Make it at least 14.49998pt.
 We now make it that large for the rest of the document.
 This may cause the page layout to be inconsistent, however.

[2]
\openout2 = `Chapters/Introduction.aux'.

 (./Chapters/Introduction.tex
Chapter 1.
)pdfTeX warning (ext4): destination with the same identifier (name{page.1}) has
 been already used, duplicate ignored
<to be read again> 
                   \relax 
l.28 \include{Chapters/Introduction}
                                     [1



]
\openout2 = `Chapters/Related_work.aux'.

 (./Chapters/Related_work.texpdfTeX warning (ext4): destination with the same i
dentifier (name{page.2}) has been already used, duplicate ignored
<to be read again> 
                   \relax 
l.1 \chapter
            {Related Work} [2



]
Chapter 2.
)pdfTeX warning (ext4): destination with the same identifier (name{page.3}) has
 been already used, duplicate ignored
<to be read again> 
                   \relax 
l.30 \include{Chapters/Related_work}
                                     [3]
\openout2 = `Chapters/VehicleSetup.aux'.

 (./Chapters/VehicleSetup.texpdfTeX warning (ext4): destination with the same i
dentifier (name{page.4}) has been already used, duplicate ignored
<to be read again> 
                   \relax 
l.1 \chapter
            {Vehicle Setup} [4



]
Chapter 3.
) [5]
\openout2 = `Chapters/Concept.aux'.

 (./Chapters/Concept.tex
Package hyperref Info: bookmark level for unknown todo defaults to 0 on input l
ine 3.


Package xcolor Warning: Incompatible color definition on input line 7.


Package xcolor Warning: Incompatible color definition on input line 7.


Package xcolor Warning: Incompatible color definition on input line 7.


Package xcolor Warning: Incompatible color definition on input line 7.


Package xcolor Warning: Incompatible color definition on input line 7.


Package xcolor Warning: Incompatible color definition on input line 9.

<Images/path_planner.png, id=358, 698.61pt x 736.7525pt>
File: Images/path_planner.png Graphic file (type png)

<use Images/path_planner.png>
Package pdftex.def Info: Images/path_planner.png used on input line 12.
(pdftex.def)             Requested size: 316.12253pt x 333.37924pt.


LaTeX Warning: `h' float specifier changed to `ht'.


Package xcolor Warning: Incompatible color definition on input line 21.


Package Fancyhdr Warning: \headheight is too small (13.6pt): 
 Make it at least 14.49998pt.
 We now make it that large for the rest of the document.
 This may cause the page layout to be inconsistent, however.

[6


]

Package xcolor Warning: Incompatible color definition on input line 28.


Package xcolor Warning: Incompatible color definition on input line 28.


Package Fancyhdr Warning: \headheight is too small (13.6pt): 
 Make it at least 14.49998pt.
 We now make it that large for the rest of the document.
 This may cause the page layout to be inconsistent, however.

[7 <./Images/path_planner.png>]

Package xcolor Warning: Incompatible color definition on input line 32.


Package xcolor Warning: Incompatible color definition on input line 32.


Package xcolor Warning: Incompatible color definition on input line 32.


Package xcolor Warning: Incompatible color definition on input line 32.


Package xcolor Warning: Incompatible color definition on input line 32.


Package xcolor Warning: Incompatible color definition on input line 32.

<Images/rndf_segment.png, id=380, 478.78876pt x 213.79875pt>
File: Images/rndf_segment.png Graphic file (type png)

<use Images/rndf_segment.png>
Package pdftex.def Info: Images/rndf_segment.png used on input line 36.
(pdftex.def)             Requested size: 316.12253pt x 141.16306pt.

<Images/rndf_exits.png, id=381, 469.755pt x 283.0575pt>
File: Images/rndf_exits.png Graphic file (type png)

<use Images/rndf_exits.png>
Package pdftex.def Info: Images/rndf_exits.png used on input line 43.
(pdftex.def)             Requested size: 316.12253pt x 190.48543pt.

<Images/zone_segment.png, id=382, 472.76625pt x 364.36125pt>
File: Images/zone_segment.png Graphic file (type png)

<use Images/zone_segment.png>
Package pdftex.def Info: Images/zone_segment.png used on input line 50.
(pdftex.def)             Requested size: 316.12253pt x 243.64262pt.

<Images/map_rndf.png, id=383, 604.2575pt x 404.51125pt>
File: Images/map_rndf.png Graphic file (type png)

<use Images/map_rndf.png>
Package pdftex.def Info: Images/map_rndf.png used on input line 58.
(pdftex.def)             Requested size: 316.12253pt x 211.62473pt.


LaTeX Warning: Marginpar on page 8 moved.


Package xcolor Warning: Incompatible color definition on input line 69.


Package Fancyhdr Warning: \headheight is too small (13.6pt): 
 Make it at least 14.49998pt.
 We now make it that large for the rest of the document.
 This may cause the page layout to be inconsistent, however.

[8 <./Images/rndf_segment.png>]

Package Fancyhdr Warning: \headheight is too small (13.6pt): 
 Make it at least 14.49998pt.
 We now make it that large for the rest of the document.
 This may cause the page layout to be inconsistent, however.

[9 <./Images/rndf_exits.png> <./Images/zone_segment.png>]
<Images/path_Segmentation.png, id=402, 765.86125pt x 516.93124pt>
File: Images/path_Segmentation.png Graphic file (type png)

<use Images/path_Segmentation.png>
Package pdftex.def Info: Images/path_Segmentation.png used on input line 73.
(pdftex.def)             Requested size: 316.12253pt x 213.37085pt.

Underfull \vbox (badness 10000) has occurred while \output is active []



Package Fancyhdr Warning: \headheight is too small (13.6pt): 
 Make it at least 14.49998pt.
 We now make it that large for the rest of the document.
 This may cause the page layout to be inconsistent, however.

[10 <./Images/map_rndf.png>]

Package xcolor Warning: Incompatible color definition on input line 80.


Package xcolor Warning: Incompatible color definition on input line 80.


Package xcolor Warning: Incompatible color definition on input line 80.


Package xcolor Warning: Incompatible color definition on input line 80.


Package xcolor Warning: Incompatible color definition on input line 80.


Package xcolor Warning: Incompatible color definition on input line 80.


Package xcolor Warning: Incompatible color definition on input line 83.


Package Fancyhdr Warning: \headheight is too small (13.6pt): 
 Make it at least 14.49998pt.
 We now make it that large for the rest of the document.
 This may cause the page layout to be inconsistent, however.

[11 <./Images/path_Segmentation.png>]

LaTeX Warning: Marginpar on page 12 moved.


Package xcolor Warning: Incompatible color definition on input line 102.


Package xcolor Warning: Incompatible color definition on input line 102.


Package xcolor Warning: Incompatible color definition on input line 102.


Package xcolor Warning: Incompatible color definition on input line 102.


Package xcolor Warning: Incompatible color definition on input line 102.


Package xcolor Warning: Incompatible color definition on input line 102.


Package xcolor Warning: Incompatible color definition on input line 102.


Package xcolor Warning: Incompatible color definition on input line 102.


Package Fancyhdr Warning: \headheight is too small (13.6pt): 
 Make it at least 14.49998pt.
 We now make it that large for the rest of the document.
 This may cause the page layout to be inconsistent, however.

[12] <Images/sl_over_xy.png, id=446, 739.76375pt x 397.485pt>
File: Images/sl_over_xy.png Graphic file (type png)

<use Images/sl_over_xy.png>
Package pdftex.def Info: Images/sl_over_xy.png used on input line 106.
(pdftex.def)             Requested size: 316.12253pt x 169.85382pt.


Package xcolor Warning: Incompatible color definition on input line 112.


Package xcolor Warning: Incompatible color definition on input line 112.


Package xcolor Warning: Incompatible color definition on input line 112.


Package xcolor Warning: Incompatible color definition on input line 112.


Package xcolor Warning: Incompatible color definition on input line 114.


Package Fancyhdr Warning: \headheight is too small (13.6pt): 
 Make it at least 14.49998pt.
 We now make it that large for the rest of the document.
 This may cause the page layout to be inconsistent, however.

[13 <./Images/sl_over_xy.png>]
<Images/xy_sl_conversion.png, id=462, 615.29875pt x 263.98625pt>
File: Images/xy_sl_conversion.png Graphic file (type png)

<use Images/xy_sl_conversion.png>
Package pdftex.def Info: Images/xy_sl_conversion.png used on input line 118.
(pdftex.def)             Requested size: 316.12253pt x 135.63016pt.


LaTeX Warning: Marginpar on page 14 moved.


LaTeX Warning: Marginpar on page 14 moved.


Package xcolor Warning: Incompatible color definition on input line 133.


Package xcolor Warning: Incompatible color definition on input line 135.


LaTeX Warning: Reference `timing_contraints' on page 14 undefined on input line
 135.


Package xcolor Warning: Incompatible color definition on input line 137.


Package xcolor Warning: Incompatible color definition on input line 137.


Package Fancyhdr Warning: \headheight is too small (13.6pt): 
 Make it at least 14.49998pt.
 We now make it that large for the rest of the document.
 This may cause the page layout to be inconsistent, however.

[14 <./Images/xy_sl_conversion.png>]

Package xcolor Warning: Incompatible color definition on input line 139.


Package xcolor Warning: Incompatible color definition on input line 139.

<Images/accelerations.png, id=478, 736.7525pt x 606.265pt>
File: Images/accelerations.png Graphic file (type png)

<use Images/accelerations.png>
Package pdftex.def Info: Images/accelerations.png used on input line 143.
(pdftex.def)             Requested size: 316.12253pt x 260.12456pt.

<Images/velcoities.png, id=479, 828.09375pt x 369.38pt>
File: Images/velcoities.png Graphic file (type png)

<use Images/velcoities.png>
Package pdftex.def Info: Images/velcoities.png used on input line 150.
(pdftex.def)             Requested size: 316.12253pt x 141.01402pt.

Underfull \vbox (badness 10000) has occurred while \output is active []



Package Fancyhdr Warning: \headheight is too small (13.6pt): 
 Make it at least 14.49998pt.
 We now make it that large for the rest of the document.
 This may cause the page layout to be inconsistent, however.

[15 <./Images/accelerations.png>]

Package xcolor Warning: Incompatible color definition on input line 157.


Package xcolor Warning: Incompatible color definition on input line 157.


Package xcolor Warning: Incompatible color definition on input line 157.


Package xcolor Warning: Incompatible color definition on input line 164.


Package xcolor Warning: Incompatible color definition on input line 164.


Package xcolor Warning: Incompatible color definition on input line 164.


Package Fancyhdr Warning: \headheight is too small (13.6pt): 
 Make it at least 14.49998pt.
 We now make it that large for the rest of the document.
 This may cause the page layout to be inconsistent, however.

[16 <./Images/velcoities.png>]

Package xcolor Warning: Incompatible color definition on input line 199.

<Images/lateral_planning.png, id=507, 642.4pt x 701.62125pt>
File: Images/lateral_planning.png Graphic file (type png)

<use Images/lateral_planning.png>
Package pdftex.def Info: Images/lateral_planning.png used on input line 203.
(pdftex.def)             Requested size: 316.12253pt x 345.27483pt.


LaTeX Warning: Reference `lat_shift_1' on page 17 undefined on input line 212.


Package xcolor Warning: Incompatible color definition on input line 212.


Package xcolor Warning: Incompatible color definition on input line 212.


Package Fancyhdr Warning: \headheight is too small (13.6pt): 
 Make it at least 14.49998pt.
 We now make it that large for the rest of the document.
 This may cause the page layout to be inconsistent, however.

[17 <./Images/lateral_planning.png>]

Package xcolor Warning: Incompatible color definition on input line 218.


Package Fancyhdr Warning: \headheight is too small (13.6pt): 
 Make it at least 14.49998pt.
 We now make it that large for the rest of the document.
 This may cause the page layout to be inconsistent, however.

[18]

Package xcolor Warning: Incompatible color definition on input line 225.


Package xcolor Warning: Incompatible color definition on input line 230.


Package xcolor Warning: Incompatible color definition on input line 237.

<Images/static_check.png, id=527, 1086.0575pt x 561.09625pt>
File: Images/static_check.png Graphic file (type png)

<use Images/static_check.png>
Package pdftex.def Info: Images/static_check.png used on input line 242.
(pdftex.def)             Requested size: 316.12253pt x 163.32161pt.

Underfull \vbox (badness 10000) has occurred while \output is active []



Package Fancyhdr Warning: \headheight is too small (13.6pt): 
 Make it at least 14.49998pt.
 We now make it that large for the rest of the document.
 This may cause the page layout to be inconsistent, however.

[19]

Package xcolor Warning: Incompatible color definition on input line 251.


Package xcolor Warning: Incompatible color definition on input line 253.


Package xcolor Warning: Incompatible color definition on input line 255.


Package xcolor Warning: Incompatible color definition on input line 255.


Package xcolor Warning: Incompatible color definition on input line 255.


Package xcolor Warning: Incompatible color definition on input line 255.


Package Fancyhdr Warning: \headheight is too small (13.6pt): 
 Make it at least 14.49998pt.
 We now make it that large for the rest of the document.
 This may cause the page layout to be inconsistent, however.

[20 <./Images/static_check.png>]

Package xcolor Warning: Incompatible color definition on input line 257.


Package xcolor Warning: Incompatible color definition on input line 257.


Package xcolor Warning: Incompatible color definition on input line 257.


Package xcolor Warning: Incompatible color definition on input line 257.


LaTeX Warning: Marginpar on page 21 moved.

<Images/dynamic_check.png, id=553, 1003.75pt x 481.8pt>
File: Images/dynamic_check.png Graphic file (type png)

<use Images/dynamic_check.png>
Package pdftex.def Info: Images/dynamic_check.png used on input line 268.
(pdftex.def)             Requested size: 316.12253pt x 151.73839pt.


LaTeX Warning: Marginpar on page 21 moved.

<Images/dynamic_Check_time.png, id=554, 1004.75375pt x 772.8875pt>
File: Images/dynamic_Check_time.png Graphic file (type png)

<use Images/dynamic_Check_time.png>
Package pdftex.def Info: Images/dynamic_Check_time.png used on input line 278.
(pdftex.def)             Requested size: 316.12253pt x 243.16602pt.


LaTeX Warning: `h' float specifier changed to `ht'.


Package xcolor Warning: Incompatible color definition on input line 312.


Package Fancyhdr Warning: \headheight is too small (13.6pt): 
 Make it at least 14.49998pt.
 We now make it that large for the rest of the document.
 This may cause the page layout to be inconsistent, however.

[21 <./Images/dynamic_check.png>]

Package xcolor Warning: Incompatible color definition on input line 314.


Package xcolor Warning: Incompatible color definition on input line 317.


Underfull \vbox (badness 1231) has occurred while \output is active []



Package Fancyhdr Warning: \headheight is too small (13.6pt): 
 Make it at least 14.49998pt.
 We now make it that large for the rest of the document.
 This may cause the page layout to be inconsistent, however.

[22 <./Images/dynamic_Check_time.png>])

Package Fancyhdr Warning: \headheight is too small (13.6pt): 
 Make it at least 14.49998pt.
 We now make it that large for the rest of the document.
 This may cause the page layout to be inconsistent, however.

[23]
\openout2 = `Chapters/Implementation.aux'.

 (./Chapters/Implementation.tex [24



]
Chapter 4.
) [25]
\openout2 = `Chapters/Discussion.aux'.


No file Chapters/Discussion.tex.
\openout2 = `Chapters/Evaluation.aux'.

(./Chapters/Evaluation.tex [26





]
Chapter 5.

Package xcolor Warning: Incompatible color definition on input line 10.

<Images/evaluation/lane_blocked1.jpg, id=592, 1015.795pt x 343.2825pt>
File: Images/evaluation/lane_blocked1.jpg Graphic file (type jpg)

<use Images/evaluation/lane_blocked1.jpg>
Package pdftex.def Info: Images/evaluation/lane_blocked1.jpg used on input line
 14.
(pdftex.def)             Requested size: 316.12253pt x 106.83028pt.

Underfull \vbox (badness 10000) has occurred while \output is active []

 [27]

Package xcolor Warning: Incompatible color definition on input line 20.


Package xcolor Warning: Incompatible color definition on input line 20.

<Images/evaluation/slow_moving1.jpg, id=601, 1027.84pt x 169.63374pt>
File: Images/evaluation/slow_moving1.jpg Graphic file (type jpg)

<use Images/evaluation/slow_moving1.jpg>
Package pdftex.def Info: Images/evaluation/slow_moving1.jpg used on input line 
23.
(pdftex.def)             Requested size: 316.12253pt x 52.17177pt.

<Images/evaluation/slow_moving2.jpg, id=602, 1027.84pt x 602.25pt>
File: Images/evaluation/slow_moving2.jpg Graphic file (type jpg)

<use Images/evaluation/slow_moving2.jpg>
Package pdftex.def Info: Images/evaluation/slow_moving2.jpg used on input line 
30.
(pdftex.def)             Requested size: 316.12253pt x 185.22523pt.


Package xcolor Warning: Incompatible color definition on input line 37.


Package Fancyhdr Warning: \headheight is too small (13.6pt): 
 Make it at least 14.49998pt.
 We now make it that large for the rest of the document.
 This may cause the page layout to be inconsistent, however.

[28 <./Images/evaluation/lane_blocked1.jpg> <./Images/evaluation/slow_moving1.j
pg> <./Images/evaluation/slow_moving2.jpg>]
<Images/evaluation/merging1.jpg, id=610, 1027.84pt x 602.25pt>
File: Images/evaluation/merging1.jpg Graphic file (type jpg)

<use Images/evaluation/merging1.jpg>
Package pdftex.def Info: Images/evaluation/merging1.jpg used on input line 41.
(pdftex.def)             Requested size: 316.12253pt x 185.22523pt.


Package xcolor Warning: Incompatible color definition on input line 48.


<Images/evaluation/series_lane_blocked1.jpg, id=612, 910.40125pt x 374.39874pt>
File: Images/evaluation/series_lane_blocked1.jpg Graphic file (type jpg)
<use Images/evaluation/series_lane_blocked1.jpg>
Package pdftex.def Info: Images/evaluation/series_lane_blocked1.jpg used on inp
ut line 51.
(pdftex.def)             Requested size: 316.12253pt x 130.00749pt.

Underfull \vbox (badness 10000) has occurred while \output is active []



Package Fancyhdr Warning: \headheight is too small (13.6pt): 
 Make it at least 14.49998pt.
 We now make it that large for the rest of the document.
 This may cause the page layout to be inconsistent, however.

[29 <./Images/evaluation/merging1.jpg>]

Package xcolor Warning: Incompatible color definition on input line 61.

<Images/evaluation/road_blocked1.jpg, id=620, 1027.84pt x 443.6575pt>
File: Images/evaluation/road_blocked1.jpg Graphic file (type jpg)

<use Images/evaluation/road_blocked1.jpg>
Package pdftex.def Info: Images/evaluation/road_blocked1.jpg used on input line
 65.
(pdftex.def)             Requested size: 395.15166pt x 170.56157pt.

Underfull \vbox (badness 10000) has occurred while \output is active []



Package Fancyhdr Warning: \headheight is too small (13.6pt): 
 Make it at least 14.49998pt.
 We now make it that large for the rest of the document.
 This may cause the page layout to be inconsistent, however.

[30 <./Images/evaluation/series_lane_blocked1.jpg>]

Package xcolor Warning: Incompatible color definition on input line 70.

<Images/evaluation/pedestrian_ahead.jpg, id=627, 877.2775pt x 693.59125pt>
File: Images/evaluation/pedestrian_ahead.jpg Graphic file (type jpg)

<use Images/evaluation/pedestrian_ahead.jpg>
Package pdftex.def Info: Images/evaluation/pedestrian_ahead.jpg used on input l
ine 74.
(pdftex.def)             Requested size: 316.12253pt x 249.93607pt.

Underfull \vbox (badness 10000) has occurred while \output is active []



Package Fancyhdr Warning: \headheight is too small (13.6pt): 
 Make it at least 14.49998pt.
 We now make it that large for the rest of the document.
 This may cause the page layout to be inconsistent, however.

[31 <./Images/evaluation/road_blocked1.jpg> <./Images/evaluation/pedestrian_ahe
ad.jpg>]

Package xcolor Warning: Incompatible color definition on input line 82.


<Images/evaluation/dynamic_ahead_breaking1.jpg, id=634, 1026.83624pt x 712.6625
pt>
File: Images/evaluation/dynamic_ahead_breaking1.jpg Graphic file (type jpg)
 <use Images/evaluation/dynamic_ahead_breaking1.jpg>
Package pdftex.def Info: Images/evaluation/dynamic_ahead_breaking1.jpg used on 
input line 86.
(pdftex.def)             Requested size: 316.12253pt x 219.40068pt.


Package xcolor Warning: Incompatible color definition on input line 91.


<Images/evaluation/dynamic_ahead_breaking2.jpg, id=636, 940.51375pt x 381.425pt
>
File: Images/evaluation/dynamic_ahead_breaking2.jpg Graphic file (type jpg)
 <use Images/evaluation/dynamic_ahead_breaking2.jpg>
Package pdftex.def Info: Images/evaluation/dynamic_ahead_breaking2.jpg used on 
input line 94.
(pdftex.def)             Requested size: 316.12253pt x 128.20448pt.


Package Fancyhdr Warning: \headheight is too small (13.6pt): 
 Make it at least 14.49998pt.
 We now make it that large for the rest of the document.
 This may cause the page layout to be inconsistent, however.

[32 <./Images/evaluation/dynamic_ahead_breaking1.jpg>]

Package xcolor Warning: Incompatible color definition on input line 115.


Package xcolor Warning: Incompatible color definition on input line 117.

<Images/horizaon_optimality_2.png, id=645, 817.0525pt x 344.28625pt>
File: Images/horizaon_optimality_2.png Graphic file (type png)

<use Images/horizaon_optimality_2.png>
Package pdftex.def Info: Images/horizaon_optimality_2.png used on input line 12
1.
(pdftex.def)             Requested size: 316.12253pt x 133.20465pt.

Underfull \vbox (badness 1014) has occurred while \output is active []



Package Fancyhdr Warning: \headheight is too small (13.6pt): 
 Make it at least 14.49998pt.
 We now make it that large for the rest of the document.
 This may cause the page layout to be inconsistent, however.

[33 <./Images/evaluation/dynamic_ahead_breaking2.jpg>]

Package xcolor Warning: Incompatible color definition on input line 127.

<Images/optimized_reference.png, id=653, 884.30376pt x 304.13625pt>
File: Images/optimized_reference.png Graphic file (type png)

<use Images/optimized_reference.png>
Package pdftex.def Info: Images/optimized_reference.png used on input line 135.

(pdftex.def)             Requested size: 316.12253pt x 108.72324pt.


Package xcolor Warning: Incompatible color definition on input line 141.


Package xcolor Warning: Incompatible color definition on input line 141.


Package Fancyhdr Warning: \headheight is too small (13.6pt): 
 Make it at least 14.49998pt.
 We now make it that large for the rest of the document.
 This may cause the page layout to be inconsistent, however.

[34 <./Images/horizaon_optimality_2.png> <./Images/optimized_reference.png>]

Package xcolor Warning: Incompatible color definition on input line 147.

<Images/probablistically_complete.png, id=663, 712.6625pt x 333.245pt>
File: Images/probablistically_complete.png Graphic file (type png)

<use Images/probablistically_complete.png>
Package pdftex.def Info: Images/probablistically_complete.png used on input lin
e 151.
(pdftex.def)             Requested size: 316.12253pt x 147.81812pt.

Underfull \vbox (badness 10000) has occurred while \output is active []



Package Fancyhdr Warning: \headheight is too small (13.6pt): 
 Make it at least 14.49998pt.
 We now make it that large for the rest of the document.
 This may cause the page layout to be inconsistent, however.

[35]

Package xcolor Warning: Incompatible color definition on input line 158.


Package xcolor Warning: Incompatible color definition on input line 158.


Package xcolor Warning: Incompatible color definition on input line 160.


Package xcolor Warning: Incompatible color definition on input line 160.


Package xcolor Warning: Incompatible color definition on input line 165.


Underfull \vbox (badness 10000) has occurred while \output is active []



Package Fancyhdr Warning: \headheight is too small (13.6pt): 
 Make it at least 14.49998pt.
 We now make it that large for the rest of the document.
 This may cause the page layout to be inconsistent, however.

[36 <./Images/probablistically_complete.png>]

Package xcolor Warning: Incompatible color definition on input line 169.


Package xcolor Warning: Incompatible color definition on input line 169.


Package xcolor Warning: Incompatible color definition on input line 169.


Package Fancyhdr Warning: \headheight is too small (13.6pt): 
 Make it at least 14.49998pt.
 We now make it that large for the rest of the document.
 This may cause the page layout to be inconsistent, however.

[37])

Package Fancyhdr Warning: \headheight is too small (13.6pt): 
 Make it at least 14.49998pt.
 We now make it that large for the rest of the document.
 This may cause the page layout to be inconsistent, however.

[38]
\openout2 = `Chapters/Conclusion.aux'.

 (./Chapters/Conclusion.tex
Chapter 6.
) [39



] (./Thesis.bbl (./Thesis.brf)
\tf@brf=\write9
\openout9 = `Thesis.brf'.

 [40


]

Package xcolor Warning: Incompatible color definition on input line 9.


Package xcolor Warning: Incompatible color definition on input line 9.


Package xcolor Warning: Incompatible color definition on input line 16.


Package xcolor Warning: Incompatible color definition on input line 16.


Package xcolor Warning: Incompatible color definition on input line 21.


Package xcolor Warning: Incompatible color definition on input line 28.


Package xcolor Warning: Incompatible color definition on input line 33.


Package xcolor Warning: Incompatible color definition on input line 40.


Package xcolor Warning: Incompatible color definition on input line 47.


Package xcolor Warning: Incompatible color definition on input line 54.


Package xcolor Warning: Incompatible color definition on input line 61.


Package xcolor Warning: Incompatible color definition on input line 66.

[41]

Package xcolor Warning: Incompatible color definition on input line 73.


Package xcolor Warning: Incompatible color definition on input line 73.


Package xcolor Warning: Incompatible color definition on input line 80.


Package xcolor Warning: Incompatible color definition on input line 86.


Package xcolor Warning: Incompatible color definition on input line 91.


Package xcolor Warning: Incompatible color definition on input line 91.


Package xcolor Warning: Incompatible color definition on input line 96.


Package xcolor Warning: Incompatible color definition on input line 102.


Package xcolor Warning: Incompatible color definition on input line 108.


Package xcolor Warning: Incompatible color definition on input line 108.


Package xcolor Warning: Incompatible color definition on input line 108.


Package xcolor Warning: Incompatible color definition on input line 108.


Package xcolor Warning: Incompatible color definition on input line 114.


Package xcolor Warning: Incompatible color definition on input line 114.


Package xcolor Warning: Incompatible color definition on input line 121.


Package xcolor Warning: Incompatible color definition on input line 121.


Package xcolor Warning: Incompatible color definition on input line 129.


Package Fancyhdr Warning: \headheight is too small (13.6pt): 
 Make it at least 14.49998pt.
 We now make it that large for the rest of the document.
 This may cause the page layout to be inconsistent, however.

[42])
Package minitoc Info: I0009
(minitoc)             Listing minitoc auxiliary files. 
(minitoc)             Creating the Thesis.maf file.
\openout4 = `Thesis.maf'.



Package minitoc(hints) Warning: W0078
(minitoc(hints))                You have used \dominitoc, 
(minitoc(hints))                but not \minitoc.

Package minitoc(hints) Info: I0053
(minitoc(hints))             You have loaded the float package; 
(minitoc(hints))             please be aware that the minitoc package 
(minitoc(hints))             facilities can not be used for new types 
(minitoc(hints))             of floats defined by the float package.

Package minitoc(hints) Warning: W0024
(minitoc(hints))                Some hints have been written 
(minitoc(hints))                in the Thesis.log file.


Package Fancyhdr Warning: \headheight is too small (13.6pt): 
 Make it at least 14.49998pt.
 We now make it that large for the rest of the document.
 This may cause the page layout to be inconsistent, however.

[43]
Package atveryend Info: Empty hook `BeforeClearDocument' on input line 79.
Package atveryend Info: Empty hook `AfterLastShipout' on input line 79.
 (./Thesis.aux (./TitlePage.aux) (./Chapters/Abstract.aux)
(./Chapters/german_abstrakt.aux) (./DeclAuthorship.aux)
(./Chapters/Introduction.aux) (./Chapters/Related_work.aux)
(./Chapters/VehicleSetup.aux) (./Chapters/Concept.aux)
(./Chapters/Implementation.aux) (./Chapters/Discussion.aux)
(./Chapters/Evaluation.aux) (./Chapters/Conclusion.aux))
Package atveryend Info: Executing hook `AtVeryEndDocument' on input line 79.
Package atveryend Info: Executing hook `AtEndAfterFileList' on input line 79.
Package rerunfilecheck Info: File `Thesis.out' has not changed.
(rerunfilecheck)             Checksum: A0A3777FB0D9EC5A3765C005F4C6E297;3627.


Package rerunfilecheck Warning: File `Thesis.brf' has changed.
(rerunfilecheck)                Rerun to get bibliographical references right.

Package rerunfilecheck Info: Checksums for `Thesis.brf':
(rerunfilecheck)             Before: 332C6D585E20FA3028FC75949E9DEFF4;1910
(rerunfilecheck)             After:  42F8F27494A93C10FAA86A8B42B6A2E5;1975.

LaTeX Warning: There were undefined references.


LaTeX Warning: There were multiply-defined labels.

Package atveryend Info: Empty hook `AtVeryVeryEnd' on input line 79.
 ) 
Here is how much of TeX's memory you used:
 23080 strings out of 494910
 407725 string characters out of 6179836
 538790 words of memory out of 5000000
 25443 multiletter control sequences out of 15000+600000
 19946 words of font info for 55 fonts, out of 8000000 for 9000
 36 hyphenation exceptions out of 8191
 66i,12n,79p,1418b,704s stack positions out of 5000i,500n,10000p,200000b,80000s
 </home/korivi/.texmf-var/fonts/pk/ljfour/jknappen/ec/ecti1200.600pk> </home/
korivi/.texmf-var/fonts/pk/ljfour/jknappen/ec/ecrm0800.600pk> </home/korivi/.te
xmf-var/fonts/pk/ljfour/jknappen/ec/eccc1728.600pk> </home/korivi/.texmf-var/fo
nts/pk/ljfour/jknappen/ec/ecbx1200.600pk> </home/korivi/.texmf-var/fonts/pk/ljf
our/jknappen/ec/ecrm1200.600pk> </home/korivi/.texmf-var/fonts/pk/ljfour/jknapp
en/ec/ecbx2488.600pk> </home/korivi/.texmf-var/fonts/pk/ljfour/jknappen/ec/ecrm
1440.600pk> </home/korivi/.texmf-var/fonts/pk/ljfour/jknappen/ec/ecbx1440.600pk
> </home/korivi/.texmf-var/fonts/pk/ljfour/jknappen/ec/ecbx1728.600pk></usr/sha
re/texlive/texmf-dist/fonts/type1/public/amsfonts/cm/cmex10.pfb></usr/share/tex
live/texmf-dist/fonts/type1/public/amsfonts/cm/cmmi12.pfb></usr/share/texlive/t
exmf-dist/fonts/type1/public/amsfonts/cm/cmmi8.pfb></usr/share/texlive/texmf-di
st/fonts/type1/public/amsfonts/cm/cmr12.pfb></usr/share/texlive/texmf-dist/font
s/type1/public/amsfonts/cm/cmr8.pfb></usr/share/texlive/texmf-dist/fonts/type1/
public/amsfonts/cm/cmsy10.pfb>
Output written on Thesis.pdf (53 pages, 2366651 bytes).
PDF statistics:
 1238 PDF objects out of 1440 (max. 8388607)
 740 compressed objects within 8 object streams
 182 named destinations out of 1000 (max. 500000)
 588 words of extra memory for PDF output out of 10000 (max. 10000000)

